INFO  21-06-10 11:05:27:476[http-nio-8888-exec-5] [[/]:173] - Initializing Spring DispatcherServlet 'dispatcherServlet'
INFO  21-06-10 11:05:27:479[http-nio-8888-exec-5] [DispatcherServlet:525] - Initializing Servlet 'dispatcherServlet'
INFO  21-06-10 11:05:27:480[http-nio-8888-exec-5] [DispatcherServlet:547] - Completed initialization in 1 ms
INFO  21-06-10 11:05:27:498[http-nio-8888-exec-5] [HomeController:35] - [WEB][webController][mainPage] url:/home/dashboard
INFO  21-06-10 11:07:20:224[http-nio-8888-exec-10] [HomeController:35] - [WEB][webController][mainPage] url:/home/dashboard
INFO  21-06-10 11:07:26:890[restartedMain] [AdminSmartboxApplication:55] - Starting AdminSmartboxApplication using Java 14.0.2 on DESKTOP-O9DMHOH with PID 1464 (C:\SmartBoxAdmin\target\classes started by vd in C:\SmartBoxAdmin)
INFO  21-06-10 11:07:26:893[restartedMain] [AdminSmartboxApplication:664] - The following profiles are active: prod
INFO  21-06-10 11:07:26:945[restartedMain] [DevToolsPropertyDefaultsPostProcessor:255] - Devtools property defaults active! Set 'spring.devtools.add-properties' to 'false' to disable
INFO  21-06-10 11:07:26:946[restartedMain] [DevToolsPropertyDefaultsPostProcessor:255] - For additional web related logging consider setting the 'logging.level.web' property to 'DEBUG'
INFO  21-06-10 11:07:27:790[restartedMain] [TomcatWebServer:108] - Tomcat initialized with port(s): 8888 (http)
INFO  21-06-10 11:07:27:796[restartedMain] [Http11NioProtocol:173] - Initializing ProtocolHandler ["http-nio-8888"]
INFO  21-06-10 11:07:27:797[restartedMain] [StandardService:173] - Starting service [Tomcat]
INFO  21-06-10 11:07:27:797[restartedMain] [StandardEngine:173] - Starting Servlet engine: [Apache Tomcat/9.0.41]
INFO  21-06-10 11:07:27:980[restartedMain] [TldScanner:173] - At least one JAR was scanned for TLDs yet contained no TLDs. Enable debug logging for this logger for a complete list of JARs that were scanned but no TLDs were found in them. Skipping unneeded JARs during scanning can improve startup time and JSP compilation time.
INFO  21-06-10 11:07:27:984[restartedMain] [[/]:173] - Initializing Spring embedded WebApplicationContext
INFO  21-06-10 11:07:27:984[restartedMain] [ServletWebServerApplicationContext:289] - Root WebApplicationContext: initialization completed in 1037 ms
INFO  21-06-10 11:07:28:324[restartedMain] [ThreadPoolTaskExecutor:181] - Initializing ExecutorService 'applicationTaskExecutor'
INFO  21-06-10 11:07:28:705[restartedMain] [OptionalLiveReloadServer:58] - LiveReload server is running on port 35729
INFO  21-06-10 11:07:28:719[restartedMain] [Http11NioProtocol:173] - Starting ProtocolHandler ["http-nio-8888"]
INFO  21-06-10 11:07:28:733[restartedMain] [TomcatWebServer:220] - Tomcat started on port(s): 8888 (http) with context path ''
INFO  21-06-10 11:07:28:744[restartedMain] [AdminSmartboxApplication:61] - Started AdminSmartboxApplication in 2.217 seconds (JVM running for 2.739)
INFO  21-06-10 11:07:28:885[http-nio-8888-exec-3] [[/]:173] - Initializing Spring DispatcherServlet 'dispatcherServlet'
INFO  21-06-10 11:07:28:885[http-nio-8888-exec-3] [DispatcherServlet:525] - Initializing Servlet 'dispatcherServlet'
INFO  21-06-10 11:07:28:886[http-nio-8888-exec-3] [DispatcherServlet:547] - Completed initialization in 1 ms
INFO  21-06-10 11:07:28:901[http-nio-8888-exec-3] [HomeController:35] - [WEB][webController][mainPage] url:/home/dashboard
INFO  21-06-10 11:07:32:807[http-nio-8888-exec-10] [HomeController:35] - [WEB][webController][mainPage] url:/home/dashboard
INFO  21-06-10 11:09:29:548[restartedMain] [AdminSmartboxApplication:55] - Starting AdminSmartboxApplication using Java 14.0.2 on DESKTOP-O9DMHOH with PID 18056 (C:\SmartBoxAdmin\target\classes started by vd in C:\SmartBoxAdmin)
INFO  21-06-10 11:09:29:553[restartedMain] [AdminSmartboxApplication:664] - The following profiles are active: prod
INFO  21-06-10 11:09:29:607[restartedMain] [DevToolsPropertyDefaultsPostProcessor:255] - Devtools property defaults active! Set 'spring.devtools.add-properties' to 'false' to disable
INFO  21-06-10 11:09:29:607[restartedMain] [DevToolsPropertyDefaultsPostProcessor:255] - For additional web related logging consider setting the 'logging.level.web' property to 'DEBUG'
INFO  21-06-10 11:09:30:421[restartedMain] [TomcatWebServer:108] - Tomcat initialized with port(s): 8888 (http)
INFO  21-06-10 11:09:30:427[restartedMain] [Http11NioProtocol:173] - Initializing ProtocolHandler ["http-nio-8888"]
INFO  21-06-10 11:09:30:427[restartedMain] [StandardService:173] - Starting service [Tomcat]
INFO  21-06-10 11:09:30:427[restartedMain] [StandardEngine:173] - Starting Servlet engine: [Apache Tomcat/9.0.41]
INFO  21-06-10 11:09:30:621[restartedMain] [TldScanner:173] - At least one JAR was scanned for TLDs yet contained no TLDs. Enable debug logging for this logger for a complete list of JARs that were scanned but no TLDs were found in them. Skipping unneeded JARs during scanning can improve startup time and JSP compilation time.
INFO  21-06-10 11:09:30:626[restartedMain] [[/]:173] - Initializing Spring embedded WebApplicationContext
INFO  21-06-10 11:09:30:626[restartedMain] [ServletWebServerApplicationContext:289] - Root WebApplicationContext: initialization completed in 1018 ms
INFO  21-06-10 11:09:30:946[restartedMain] [ThreadPoolTaskExecutor:181] - Initializing ExecutorService 'applicationTaskExecutor'
INFO  21-06-10 11:09:31:323[restartedMain] [OptionalLiveReloadServer:58] - LiveReload server is running on port 35729
INFO  21-06-10 11:09:31:334[restartedMain] [Http11NioProtocol:173] - Starting ProtocolHandler ["http-nio-8888"]
INFO  21-06-10 11:09:31:352[restartedMain] [TomcatWebServer:220] - Tomcat started on port(s): 8888 (http) with context path ''
INFO  21-06-10 11:09:31:363[restartedMain] [AdminSmartboxApplication:61] - Started AdminSmartboxApplication in 2.205 seconds (JVM running for 2.764)
INFO  21-06-10 11:09:33:063[http-nio-8888-exec-7] [[/]:173] - Initializing Spring DispatcherServlet 'dispatcherServlet'
INFO  21-06-10 11:09:33:063[http-nio-8888-exec-7] [DispatcherServlet:525] - Initializing Servlet 'dispatcherServlet'
INFO  21-06-10 11:09:33:064[http-nio-8888-exec-7] [DispatcherServlet:547] - Completed initialization in 1 ms
INFO  21-06-10 11:09:33:078[http-nio-8888-exec-7] [HomeController:35] - [WEB][webController][mainPage] url:/home/dashboard
INFO  21-06-10 11:10:41:738[http-nio-8888-exec-10] [HomeController:35] - [WEB][webController][mainPage] url:/home/dashboard
INFO  21-06-10 11:11:47:965[http-nio-8888-exec-9] [HomeController:35] - [WEB][webController][mainPage] url:/home/dashboard
INFO  21-06-10 11:12:08:647[http-nio-8888-exec-2] [HomeController:35] - [WEB][webController][mainPage] url:/home/dashboard
INFO  21-06-10 11:16:21:919[restartedMain] [AdminSmartboxApplication:55] - Starting AdminSmartboxApplication using Java 14.0.2 on DESKTOP-O9DMHOH with PID 11572 (C:\SmartBoxAdmin\target\classes started by vd in C:\SmartBoxAdmin)
INFO  21-06-10 11:16:21:922[restartedMain] [AdminSmartboxApplication:664] - The following profiles are active: prod
INFO  21-06-10 11:16:21:969[restartedMain] [DevToolsPropertyDefaultsPostProcessor:255] - Devtools property defaults active! Set 'spring.devtools.add-properties' to 'false' to disable
INFO  21-06-10 11:16:21:970[restartedMain] [DevToolsPropertyDefaultsPostProcessor:255] - For additional web related logging consider setting the 'logging.level.web' property to 'DEBUG'
INFO  21-06-10 11:16:22:832[restartedMain] [TomcatWebServer:108] - Tomcat initialized with port(s): 8888 (http)
INFO  21-06-10 11:16:22:837[restartedMain] [Http11NioProtocol:173] - Initializing ProtocolHandler ["http-nio-8888"]
INFO  21-06-10 11:16:22:838[restartedMain] [StandardService:173] - Starting service [Tomcat]
INFO  21-06-10 11:16:22:838[restartedMain] [StandardEngine:173] - Starting Servlet engine: [Apache Tomcat/9.0.41]
INFO  21-06-10 11:16:23:031[restartedMain] [TldScanner:173] - At least one JAR was scanned for TLDs yet contained no TLDs. Enable debug logging for this logger for a complete list of JARs that were scanned but no TLDs were found in them. Skipping unneeded JARs during scanning can improve startup time and JSP compilation time.
INFO  21-06-10 11:16:23:036[restartedMain] [[/]:173] - Initializing Spring embedded WebApplicationContext
INFO  21-06-10 11:16:23:036[restartedMain] [ServletWebServerApplicationContext:289] - Root WebApplicationContext: initialization completed in 1066 ms
INFO  21-06-10 11:16:23:369[restartedMain] [ThreadPoolTaskExecutor:181] - Initializing ExecutorService 'applicationTaskExecutor'
INFO  21-06-10 11:16:23:770[restartedMain] [OptionalLiveReloadServer:58] - LiveReload server is running on port 35729
INFO  21-06-10 11:16:23:782[restartedMain] [Http11NioProtocol:173] - Starting ProtocolHandler ["http-nio-8888"]
INFO  21-06-10 11:16:23:797[restartedMain] [TomcatWebServer:220] - Tomcat started on port(s): 8888 (http) with context path ''
INFO  21-06-10 11:16:23:810[restartedMain] [AdminSmartboxApplication:61] - Started AdminSmartboxApplication in 2.252 seconds (JVM running for 3.057)
INFO  21-06-10 11:16:24:407[http-nio-8888-exec-1] [[/]:173] - Initializing Spring DispatcherServlet 'dispatcherServlet'
INFO  21-06-10 11:16:24:407[http-nio-8888-exec-1] [DispatcherServlet:525] - Initializing Servlet 'dispatcherServlet'
INFO  21-06-10 11:16:24:408[http-nio-8888-exec-1] [DispatcherServlet:547] - Completed initialization in 1 ms
INFO  21-06-10 11:16:24:425[http-nio-8888-exec-1] [HomeController:35] - [WEB][webController][mainPage] url:/home/dashboard
INFO  21-06-10 11:16:41:856[http-nio-8888-exec-5] [DefaultController:47] - [WEB][webController][mainPage] url:/default/userApp
INFO  21-06-10 11:17:55:420[http-nio-8888-exec-7] [DefaultController:47] - [WEB][webController][mainPage] url:/default/userApp
INFO  21-06-10 11:19:09:627[http-nio-8888-exec-9] [DefaultController:47] - [WEB][webController][mainPage] url:/default/userApp
INFO  21-06-10 11:19:18:886[http-nio-8888-exec-5] [DefaultController:47] - [WEB][webController][mainPage] url:/default/userApp
INFO  21-06-10 11:19:25:954[http-nio-8888-exec-1] [DefaultController:47] - [WEB][webController][mainPage] url:/default/userApp
INFO  21-06-10 11:19:30:115[http-nio-8888-exec-5] [HomeController:35] - [WEB][webController][mainPage] url:/home/dashboard
INFO  21-06-10 11:19:45:669[http-nio-8888-exec-10] [HomeController:35] - [WEB][webController][mainPage] url:/home/dashboard
INFO  21-06-10 11:20:29:027[http-nio-8888-exec-3] [DefaultController:47] - [WEB][webController][mainPage] url:/default/userApp
INFO  21-06-10 11:23:09:888[restartedMain] [AdminSmartboxApplication:55] - Starting AdminSmartboxApplication using Java 14.0.2 on DESKTOP-O9DMHOH with PID 304 (C:\SmartBoxAdmin\target\classes started by vd in C:\SmartBoxAdmin)
INFO  21-06-10 11:23:09:891[restartedMain] [AdminSmartboxApplication:664] - The following profiles are active: prod
INFO  21-06-10 11:23:09:939[restartedMain] [DevToolsPropertyDefaultsPostProcessor:255] - Devtools property defaults active! Set 'spring.devtools.add-properties' to 'false' to disable
INFO  21-06-10 11:23:09:940[restartedMain] [DevToolsPropertyDefaultsPostProcessor:255] - For additional web related logging consider setting the 'logging.level.web' property to 'DEBUG'
INFO  21-06-10 11:23:10:744[restartedMain] [TomcatWebServer:108] - Tomcat initialized with port(s): 8888 (http)
INFO  21-06-10 11:23:10:749[restartedMain] [Http11NioProtocol:173] - Initializing ProtocolHandler ["http-nio-8888"]
INFO  21-06-10 11:23:10:750[restartedMain] [StandardService:173] - Starting service [Tomcat]
INFO  21-06-10 11:23:10:750[restartedMain] [StandardEngine:173] - Starting Servlet engine: [Apache Tomcat/9.0.41]
INFO  21-06-10 11:23:10:932[restartedMain] [TldScanner:173] - At least one JAR was scanned for TLDs yet contained no TLDs. Enable debug logging for this logger for a complete list of JARs that were scanned but no TLDs were found in them. Skipping unneeded JARs during scanning can improve startup time and JSP compilation time.
INFO  21-06-10 11:23:10:937[restartedMain] [[/]:173] - Initializing Spring embedded WebApplicationContext
INFO  21-06-10 11:23:10:937[restartedMain] [ServletWebServerApplicationContext:289] - Root WebApplicationContext: initialization completed in 996 ms
INFO  21-06-10 11:23:11:269[restartedMain] [ThreadPoolTaskExecutor:181] - Initializing ExecutorService 'applicationTaskExecutor'
INFO  21-06-10 11:23:11:628[restartedMain] [OptionalLiveReloadServer:58] - LiveReload server is running on port 35729
INFO  21-06-10 11:23:11:639[restartedMain] [Http11NioProtocol:173] - Starting ProtocolHandler ["http-nio-8888"]
INFO  21-06-10 11:23:11:653[restartedMain] [TomcatWebServer:220] - Tomcat started on port(s): 8888 (http) with context path ''
INFO  21-06-10 11:23:11:666[restartedMain] [AdminSmartboxApplication:61] - Started AdminSmartboxApplication in 2.146 seconds (JVM running for 2.648)
INFO  21-06-10 11:23:15:810[http-nio-8888-exec-6] [[/]:173] - Initializing Spring DispatcherServlet 'dispatcherServlet'
INFO  21-06-10 11:23:15:811[http-nio-8888-exec-6] [DispatcherServlet:525] - Initializing Servlet 'dispatcherServlet'
INFO  21-06-10 11:23:15:812[http-nio-8888-exec-6] [DispatcherServlet:547] - Completed initialization in 1 ms
INFO  21-06-10 11:23:15:838[http-nio-8888-exec-6] [DefaultController:47] - [WEB][webController][mainPage] url:/default/userApp
INFO  21-06-10 11:28:59:077[http-nio-8888-exec-2] [DefaultController:47] - [WEB][webController][mainPage] url:/default/userApp
INFO  21-06-10 11:29:04:539[http-nio-8888-exec-1] [HomeController:35] - [WEB][webController][mainPage] url:/home/dashboard
INFO  21-06-10 11:29:08:084[http-nio-8888-exec-2] [DefaultController:47] - [WEB][webController][mainPage] url:/default/userApp
INFO  21-06-10 11:31:11:911[http-nio-8888-exec-1] [DefaultController:47] - [WEB][webController][mainPage] url:/default/userApp
INFO  21-06-10 11:32:51:433[http-nio-8888-exec-4] [DefaultController:47] - [WEB][webController][mainPage] url:/default/userApp
INFO  21-06-10 11:36:14:113[http-nio-8888-exec-4] [DefaultController:47] - [WEB][webController][mainPage] url:/default/userApp
INFO  21-06-10 11:37:17:224[http-nio-8888-exec-4] [DefaultController:47] - [WEB][webController][mainPage] url:/default/userApp
INFO  21-06-10 11:37:30:891[http-nio-8888-exec-7] [DefaultController:47] - [WEB][webController][mainPage] url:/default/userApp
INFO  21-06-10 11:37:46:572[http-nio-8888-exec-8] [DefaultController:47] - [WEB][webController][mainPage] url:/default/userApp
INFO  21-06-10 11:38:23:885[http-nio-8888-exec-10] [DefaultController:47] - [WEB][webController][mainPage] url:/default/userApp
INFO  21-06-10 11:40:13:274[http-nio-8888-exec-5] [DefaultController:47] - [WEB][webController][mainPage] url:/default/userApp
INFO  21-06-10 11:40:48:530[http-nio-8888-exec-3] [DefaultController:47] - [WEB][webController][mainPage] url:/default/userApp
INFO  21-06-10 11:41:01:192[http-nio-8888-exec-2] [DefaultController:47] - [WEB][webController][mainPage] url:/default/userApp
INFO  21-06-10 11:41:19:432[http-nio-8888-exec-7] [DefaultController:47] - [WEB][webController][mainPage] url:/default/userApp
INFO  21-06-10 11:46:55:540[http-nio-8888-exec-6] [DefaultController:47] - [WEB][webController][mainPage] url:/default/userApp
