INFO  21-06-10 15:30:48:944[restartedMain] [AdminSmartboxApplication:55] - Starting AdminSmartboxApplication using Java 14.0.2 on DESKTOP-O9DMHOH with PID 16068 (C:\SmartBoxAdmin\target\classes started by vd in C:\SmartBoxAdmin)
INFO  21-06-10 15:30:48:950[restartedMain] [AdminSmartboxApplication:664] - The following profiles are active: prod
INFO  21-06-10 15:30:48:996[restartedMain] [DevToolsPropertyDefaultsPostProcessor:255] - Devtools property defaults active! Set 'spring.devtools.add-properties' to 'false' to disable
INFO  21-06-10 15:30:48:996[restartedMain] [DevToolsPropertyDefaultsPostProcessor:255] - For additional web related logging consider setting the 'logging.level.web' property to 'DEBUG'
INFO  21-06-10 15:30:49:812[restartedMain] [TomcatWebServer:108] - Tomcat initialized with port(s): 8888 (http)
INFO  21-06-10 15:30:49:821[restartedMain] [Http11NioProtocol:173] - Initializing ProtocolHandler ["http-nio-8888"]
INFO  21-06-10 15:30:49:822[restartedMain] [StandardService:173] - Starting service [Tomcat]
INFO  21-06-10 15:30:49:822[restartedMain] [StandardEngine:173] - Starting Servlet engine: [Apache Tomcat/9.0.41]
INFO  21-06-10 15:30:50:010[restartedMain] [TldScanner:173] - At least one JAR was scanned for TLDs yet contained no TLDs. Enable debug logging for this logger for a complete list of JARs that were scanned but no TLDs were found in them. Skipping unneeded JARs during scanning can improve startup time and JSP compilation time.
INFO  21-06-10 15:30:50:015[restartedMain] [[/]:173] - Initializing Spring embedded WebApplicationContext
INFO  21-06-10 15:30:50:016[restartedMain] [ServletWebServerApplicationContext:289] - Root WebApplicationContext: initialization completed in 1020 ms
INFO  21-06-10 15:30:50:342[restartedMain] [ThreadPoolTaskExecutor:181] - Initializing ExecutorService 'applicationTaskExecutor'
INFO  21-06-10 15:30:50:740[restartedMain] [OptionalLiveReloadServer:58] - LiveReload server is running on port 35729
INFO  21-06-10 15:30:50:753[restartedMain] [Http11NioProtocol:173] - Starting ProtocolHandler ["http-nio-8888"]
INFO  21-06-10 15:30:50:767[restartedMain] [TomcatWebServer:220] - Tomcat started on port(s): 8888 (http) with context path ''
INFO  21-06-10 15:30:50:777[restartedMain] [AdminSmartboxApplication:61] - Started AdminSmartboxApplication in 2.202 seconds (JVM running for 2.686)
INFO  21-06-10 15:31:57:802[http-nio-8888-exec-6] [[/]:173] - Initializing Spring DispatcherServlet 'dispatcherServlet'
INFO  21-06-10 15:31:57:803[http-nio-8888-exec-6] [DispatcherServlet:525] - Initializing Servlet 'dispatcherServlet'
INFO  21-06-10 15:31:57:804[http-nio-8888-exec-6] [DispatcherServlet:547] - Completed initialization in 1 ms
INFO  21-06-10 15:31:57:829[http-nio-8888-exec-6] [DefaultController:128] - json:{
  "leftMenuList": [
    {
      "menu_name": "약관관리",
      "menu_icon": "pe-7s-display2",
      "link_url": "#",
      "leftMenuSub": [
        {
          "menu_name": "사용자APP",
          "link_url": "/default/userApp"
        },
        {
          "menu_name": "관리자APP",
          "link_url": "/default/adminApp"
        }
      ]
    },
    {
      "menu_name": "사업자관리",
      "menu_icon": "pe-7s-display2",
      "link_url": "#",
      "leftMenuSub": [
        {
          "menu_name": "사업자설정",
          "link_url": "/default/agencyMng"
        }
      ]
    },
    {
      "menu_name": "어플관리",
      "menu_icon": "pe-7s-display2",
      "link_url": "#",
      "leftMenuSub": [
        {
          "menu_name": "버전설정",
          "link_url": "/default/appVersion"
        },
        {
          "menu_name": "제한설정",
          "link_url": "/default/appAuth"
        }
      ]
    },
    {
      "menu_name": "환불정책",
      "menu_icon": "pe-7s-display2",
      "link_url": "#",
      "leftMenuSub": [
        {
          "menu_name": "환불설정",
          "link_url": "/default/refundMng"
        }
      ]
    },
    {
      "menu_name": "결제수단관리",
      "menu_icon": "pe-7s-display2",
      "link_url": "#",
      "leftMenuSub": [
        {
          "menu_name": "카드설정",
          "link_url": "/default/paymentCardMng"
        }
      ]
    }
  ]
}
