INFO  21-06-10 14:01:35:288[http-nio-8888-exec-3] [DefaultController:51] - [WEB][webController][mainPage] url:/default/userApp
INFO  21-06-10 14:01:35:292[http-nio-8888-exec-3] [DefaultController:96] - json:{"leftMenuList":[{"menu_name":"약관관리","menu_icon":"pe-7s-display2","link_url":"#","leftMenuSub":[{"menu_name":"사용자APP","link_url":"/default/userApp"},{"menu_name":"관리자APP","link_url":"/default/adminApp"}]},{"menu_name":"사업자관리","menu_icon":"pe-7s-display2","link_url":"#","leftMenuSub":[{"menu_name":"사업자설정","link_url":"/default/userApp"}]}]}
ERROR 21-06-10 14:01:35:293[http-nio-8888-exec-3] [[dispatcherServlet]:175] - Servlet.service() for servlet [dispatcherServlet] in context with path [] threw exception [Request processing failed; nested exception is java.lang.NullPointerException] with root cause
java.lang.NullPointerException: null
	at com.vdcompany.adminSmartbox.controller.DefaultController.userApp(DefaultController.java:99)
	at java.base/jdk.internal.reflect.NativeMethodAccessorImpl.invoke0(Native Method)
	at java.base/jdk.internal.reflect.NativeMethodAccessorImpl.invoke(NativeMethodAccessorImpl.java:62)
	at java.base/jdk.internal.reflect.DelegatingMethodAccessorImpl.invoke(DelegatingMethodAccessorImpl.java:43)
	at java.base/java.lang.reflect.Method.invoke(Method.java:564)
	at org.springframework.web.method.support.InvocableHandlerMethod.doInvoke(InvocableHandlerMethod.java:197)
	at org.springframework.web.method.support.InvocableHandlerMethod.invokeForRequest(InvocableHandlerMethod.java:141)
	at org.springframework.web.servlet.mvc.method.annotation.ServletInvocableHandlerMethod.invokeAndHandle(ServletInvocableHandlerMethod.java:106)
	at org.springframework.web.servlet.mvc.method.annotation.RequestMappingHandlerAdapter.invokeHandlerMethod(RequestMappingHandlerAdapter.java:894)
	at org.springframework.web.servlet.mvc.method.annotation.RequestMappingHandlerAdapter.handleInternal(RequestMappingHandlerAdapter.java:808)
	at org.springframework.web.servlet.mvc.method.AbstractHandlerMethodAdapter.handle(AbstractHandlerMethodAdapter.java:87)
	at org.springframework.web.servlet.DispatcherServlet.doDispatch(DispatcherServlet.java:1061)
	at org.springframework.web.servlet.DispatcherServlet.doService(DispatcherServlet.java:961)
	at org.springframework.web.servlet.FrameworkServlet.processRequest(FrameworkServlet.java:1006)
	at org.springframework.web.servlet.FrameworkServlet.doGet(FrameworkServlet.java:898)
	at javax.servlet.http.HttpServlet.service(HttpServlet.java:626)
	at org.springframework.web.servlet.FrameworkServlet.service(FrameworkServlet.java:883)
	at javax.servlet.http.HttpServlet.service(HttpServlet.java:733)
	at org.apache.catalina.core.ApplicationFilterChain.internalDoFilter(ApplicationFilterChain.java:231)
	at org.apache.catalina.core.ApplicationFilterChain.doFilter(ApplicationFilterChain.java:166)
	at org.apache.tomcat.websocket.server.WsFilter.doFilter(WsFilter.java:53)
	at org.apache.catalina.core.ApplicationFilterChain.internalDoFilter(ApplicationFilterChain.java:193)
	at org.apache.catalina.core.ApplicationFilterChain.doFilter(ApplicationFilterChain.java:166)
	at org.springframework.web.filter.RequestContextFilter.doFilterInternal(RequestContextFilter.java:100)
	at org.springframework.web.filter.OncePerRequestFilter.doFilter(OncePerRequestFilter.java:119)
	at org.apache.catalina.core.ApplicationFilterChain.internalDoFilter(ApplicationFilterChain.java:193)
	at org.apache.catalina.core.ApplicationFilterChain.doFilter(ApplicationFilterChain.java:166)
	at org.springframework.web.filter.FormContentFilter.doFilterInternal(FormContentFilter.java:93)
	at org.springframework.web.filter.OncePerRequestFilter.doFilter(OncePerRequestFilter.java:119)
	at org.apache.catalina.core.ApplicationFilterChain.internalDoFilter(ApplicationFilterChain.java:193)
	at org.apache.catalina.core.ApplicationFilterChain.doFilter(ApplicationFilterChain.java:166)
	at org.springframework.web.filter.CharacterEncodingFilter.doFilterInternal(CharacterEncodingFilter.java:201)
	at org.springframework.web.filter.OncePerRequestFilter.doFilter(OncePerRequestFilter.java:119)
	at org.apache.catalina.core.ApplicationFilterChain.internalDoFilter(ApplicationFilterChain.java:193)
	at org.apache.catalina.core.ApplicationFilterChain.doFilter(ApplicationFilterChain.java:166)
	at org.apache.catalina.core.StandardWrapperValve.invoke(StandardWrapperValve.java:202)
	at org.apache.catalina.core.StandardContextValve.invoke(StandardContextValve.java:97)
	at org.apache.catalina.authenticator.AuthenticatorBase.invoke(AuthenticatorBase.java:542)
	at org.apache.catalina.core.StandardHostValve.invoke(StandardHostValve.java:143)
	at org.apache.catalina.valves.ErrorReportValve.invoke(ErrorReportValve.java:92)
	at org.apache.catalina.core.StandardEngineValve.invoke(StandardEngineValve.java:78)
	at org.apache.catalina.connector.CoyoteAdapter.service(CoyoteAdapter.java:343)
	at org.apache.coyote.http11.Http11Processor.service(Http11Processor.java:374)
	at org.apache.coyote.AbstractProcessorLight.process(AbstractProcessorLight.java:65)
	at org.apache.coyote.AbstractProtocol$ConnectionHandler.process(AbstractProtocol.java:888)
	at org.apache.tomcat.util.net.NioEndpoint$SocketProcessor.doRun(NioEndpoint.java:1597)
	at org.apache.tomcat.util.net.SocketProcessorBase.run(SocketProcessorBase.java:49)
	at java.base/java.util.concurrent.ThreadPoolExecutor.runWorker(ThreadPoolExecutor.java:1130)
	at java.base/java.util.concurrent.ThreadPoolExecutor$Worker.run(ThreadPoolExecutor.java:630)
	at org.apache.tomcat.util.threads.TaskThread$WrappingRunnable.run(TaskThread.java:61)
	at java.base/java.lang.Thread.run(Thread.java:851)
INFO  21-06-10 14:01:36:360[http-nio-8888-exec-5] [DefaultController:51] - [WEB][webController][mainPage] url:/default/userApp
INFO  21-06-10 14:01:36:361[http-nio-8888-exec-5] [DefaultController:96] - json:{"leftMenuList":[{"menu_name":"약관관리","menu_icon":"pe-7s-display2","link_url":"#","leftMenuSub":[{"menu_name":"사용자APP","link_url":"/default/userApp"},{"menu_name":"관리자APP","link_url":"/default/adminApp"}]},{"menu_name":"사업자관리","menu_icon":"pe-7s-display2","link_url":"#","leftMenuSub":[{"menu_name":"사업자설정","link_url":"/default/userApp"}]}]}
ERROR 21-06-10 14:01:36:362[http-nio-8888-exec-5] [[dispatcherServlet]:175] - Servlet.service() for servlet [dispatcherServlet] in context with path [] threw exception [Request processing failed; nested exception is java.lang.NullPointerException] with root cause
java.lang.NullPointerException: null
	at com.vdcompany.adminSmartbox.controller.DefaultController.userApp(DefaultController.java:99)
	at java.base/jdk.internal.reflect.NativeMethodAccessorImpl.invoke0(Native Method)
	at java.base/jdk.internal.reflect.NativeMethodAccessorImpl.invoke(NativeMethodAccessorImpl.java:62)
	at java.base/jdk.internal.reflect.DelegatingMethodAccessorImpl.invoke(DelegatingMethodAccessorImpl.java:43)
	at java.base/java.lang.reflect.Method.invoke(Method.java:564)
	at org.springframework.web.method.support.InvocableHandlerMethod.doInvoke(InvocableHandlerMethod.java:197)
	at org.springframework.web.method.support.InvocableHandlerMethod.invokeForRequest(InvocableHandlerMethod.java:141)
	at org.springframework.web.servlet.mvc.method.annotation.ServletInvocableHandlerMethod.invokeAndHandle(ServletInvocableHandlerMethod.java:106)
	at org.springframework.web.servlet.mvc.method.annotation.RequestMappingHandlerAdapter.invokeHandlerMethod(RequestMappingHandlerAdapter.java:894)
	at org.springframework.web.servlet.mvc.method.annotation.RequestMappingHandlerAdapter.handleInternal(RequestMappingHandlerAdapter.java:808)
	at org.springframework.web.servlet.mvc.method.AbstractHandlerMethodAdapter.handle(AbstractHandlerMethodAdapter.java:87)
	at org.springframework.web.servlet.DispatcherServlet.doDispatch(DispatcherServlet.java:1061)
	at org.springframework.web.servlet.DispatcherServlet.doService(DispatcherServlet.java:961)
	at org.springframework.web.servlet.FrameworkServlet.processRequest(FrameworkServlet.java:1006)
	at org.springframework.web.servlet.FrameworkServlet.doGet(FrameworkServlet.java:898)
	at javax.servlet.http.HttpServlet.service(HttpServlet.java:626)
	at org.springframework.web.servlet.FrameworkServlet.service(FrameworkServlet.java:883)
	at javax.servlet.http.HttpServlet.service(HttpServlet.java:733)
	at org.apache.catalina.core.ApplicationFilterChain.internalDoFilter(ApplicationFilterChain.java:231)
	at org.apache.catalina.core.ApplicationFilterChain.doFilter(ApplicationFilterChain.java:166)
	at org.apache.tomcat.websocket.server.WsFilter.doFilter(WsFilter.java:53)
	at org.apache.catalina.core.ApplicationFilterChain.internalDoFilter(ApplicationFilterChain.java:193)
	at org.apache.catalina.core.ApplicationFilterChain.doFilter(ApplicationFilterChain.java:166)
	at org.springframework.web.filter.RequestContextFilter.doFilterInternal(RequestContextFilter.java:100)
	at org.springframework.web.filter.OncePerRequestFilter.doFilter(OncePerRequestFilter.java:119)
	at org.apache.catalina.core.ApplicationFilterChain.internalDoFilter(ApplicationFilterChain.java:193)
	at org.apache.catalina.core.ApplicationFilterChain.doFilter(ApplicationFilterChain.java:166)
	at org.springframework.web.filter.FormContentFilter.doFilterInternal(FormContentFilter.java:93)
	at org.springframework.web.filter.OncePerRequestFilter.doFilter(OncePerRequestFilter.java:119)
	at org.apache.catalina.core.ApplicationFilterChain.internalDoFilter(ApplicationFilterChain.java:193)
	at org.apache.catalina.core.ApplicationFilterChain.doFilter(ApplicationFilterChain.java:166)
	at org.springframework.web.filter.CharacterEncodingFilter.doFilterInternal(CharacterEncodingFilter.java:201)
	at org.springframework.web.filter.OncePerRequestFilter.doFilter(OncePerRequestFilter.java:119)
	at org.apache.catalina.core.ApplicationFilterChain.internalDoFilter(ApplicationFilterChain.java:193)
	at org.apache.catalina.core.ApplicationFilterChain.doFilter(ApplicationFilterChain.java:166)
	at org.apache.catalina.core.StandardWrapperValve.invoke(StandardWrapperValve.java:202)
	at org.apache.catalina.core.StandardContextValve.invoke(StandardContextValve.java:97)
	at org.apache.catalina.authenticator.AuthenticatorBase.invoke(AuthenticatorBase.java:542)
	at org.apache.catalina.core.StandardHostValve.invoke(StandardHostValve.java:143)
	at org.apache.catalina.valves.ErrorReportValve.invoke(ErrorReportValve.java:92)
	at org.apache.catalina.core.StandardEngineValve.invoke(StandardEngineValve.java:78)
	at org.apache.catalina.connector.CoyoteAdapter.service(CoyoteAdapter.java:343)
	at org.apache.coyote.http11.Http11Processor.service(Http11Processor.java:374)
	at org.apache.coyote.AbstractProcessorLight.process(AbstractProcessorLight.java:65)
	at org.apache.coyote.AbstractProtocol$ConnectionHandler.process(AbstractProtocol.java:888)
	at org.apache.tomcat.util.net.NioEndpoint$SocketProcessor.doRun(NioEndpoint.java:1597)
	at org.apache.tomcat.util.net.SocketProcessorBase.run(SocketProcessorBase.java:49)
	at java.base/java.util.concurrent.ThreadPoolExecutor.runWorker(ThreadPoolExecutor.java:1130)
	at java.base/java.util.concurrent.ThreadPoolExecutor$Worker.run(ThreadPoolExecutor.java:630)
	at org.apache.tomcat.util.threads.TaskThread$WrappingRunnable.run(TaskThread.java:61)
	at java.base/java.lang.Thread.run(Thread.java:851)
INFO  21-06-10 14:04:24:056[restartedMain] [AdminSmartboxApplication:55] - Starting AdminSmartboxApplication using Java 14.0.2 on DESKTOP-O9DMHOH with PID 8552 (C:\SmartBoxAdmin\target\classes started by vd in C:\SmartBoxAdmin)
INFO  21-06-10 14:04:24:060[restartedMain] [AdminSmartboxApplication:664] - The following profiles are active: prod
INFO  21-06-10 14:04:24:108[restartedMain] [DevToolsPropertyDefaultsPostProcessor:255] - Devtools property defaults active! Set 'spring.devtools.add-properties' to 'false' to disable
INFO  21-06-10 14:04:24:108[restartedMain] [DevToolsPropertyDefaultsPostProcessor:255] - For additional web related logging consider setting the 'logging.level.web' property to 'DEBUG'
INFO  21-06-10 14:04:24:932[restartedMain] [TomcatWebServer:108] - Tomcat initialized with port(s): 8888 (http)
INFO  21-06-10 14:04:24:938[restartedMain] [Http11NioProtocol:173] - Initializing ProtocolHandler ["http-nio-8888"]
INFO  21-06-10 14:04:24:938[restartedMain] [StandardService:173] - Starting service [Tomcat]
INFO  21-06-10 14:04:24:938[restartedMain] [StandardEngine:173] - Starting Servlet engine: [Apache Tomcat/9.0.41]
INFO  21-06-10 14:04:25:129[restartedMain] [TldScanner:173] - At least one JAR was scanned for TLDs yet contained no TLDs. Enable debug logging for this logger for a complete list of JARs that were scanned but no TLDs were found in them. Skipping unneeded JARs during scanning can improve startup time and JSP compilation time.
INFO  21-06-10 14:04:25:133[restartedMain] [[/]:173] - Initializing Spring embedded WebApplicationContext
INFO  21-06-10 14:04:25:134[restartedMain] [ServletWebServerApplicationContext:289] - Root WebApplicationContext: initialization completed in 1025 ms
INFO  21-06-10 14:04:25:452[restartedMain] [ThreadPoolTaskExecutor:181] - Initializing ExecutorService 'applicationTaskExecutor'
INFO  21-06-10 14:04:25:830[restartedMain] [OptionalLiveReloadServer:58] - LiveReload server is running on port 35729
INFO  21-06-10 14:04:25:841[restartedMain] [Http11NioProtocol:173] - Starting ProtocolHandler ["http-nio-8888"]
INFO  21-06-10 14:04:25:855[restartedMain] [TomcatWebServer:220] - Tomcat started on port(s): 8888 (http) with context path ''
INFO  21-06-10 14:04:25:866[restartedMain] [AdminSmartboxApplication:61] - Started AdminSmartboxApplication in 2.188 seconds (JVM running for 2.672)
INFO  21-06-10 14:04:28:090[http-nio-8888-exec-6] [[/]:173] - Initializing Spring DispatcherServlet 'dispatcherServlet'
INFO  21-06-10 14:04:28:090[http-nio-8888-exec-6] [DispatcherServlet:525] - Initializing Servlet 'dispatcherServlet'
INFO  21-06-10 14:04:28:091[http-nio-8888-exec-6] [DispatcherServlet:547] - Completed initialization in 1 ms
INFO  21-06-10 14:04:28:103[http-nio-8888-exec-6] [DefaultController:51] - [WEB][webController][mainPage] url:/default/userApp
INFO  21-06-10 14:04:28:111[http-nio-8888-exec-6] [DefaultController:96] - json:{"leftMenuList":[{"menu_name":"약관관리","menu_icon":"pe-7s-display2","link_url":"#","leftMenuSub":[{"menu_name":"사용자APP","link_url":"/default/userApp"},{"menu_name":"관리자APP","link_url":"/default/adminApp"}]},{"menu_name":"사업자관리","menu_icon":"pe-7s-display2","link_url":"#","leftMenuSub":[{"menu_name":"사업자설정","link_url":"/default/userApp"}]}]}
INFO  21-06-10 14:05:59:783[restartedMain] [AdminSmartboxApplication:55] - Starting AdminSmartboxApplication using Java 14.0.2 on DESKTOP-O9DMHOH with PID 11200 (C:\SmartBoxAdmin\target\classes started by vd in C:\SmartBoxAdmin)
INFO  21-06-10 14:05:59:786[restartedMain] [AdminSmartboxApplication:664] - The following profiles are active: prod
INFO  21-06-10 14:05:59:838[restartedMain] [DevToolsPropertyDefaultsPostProcessor:255] - Devtools property defaults active! Set 'spring.devtools.add-properties' to 'false' to disable
INFO  21-06-10 14:05:59:839[restartedMain] [DevToolsPropertyDefaultsPostProcessor:255] - For additional web related logging consider setting the 'logging.level.web' property to 'DEBUG'
INFO  21-06-10 14:06:00:681[restartedMain] [TomcatWebServer:108] - Tomcat initialized with port(s): 8888 (http)
INFO  21-06-10 14:06:00:688[restartedMain] [Http11NioProtocol:173] - Initializing ProtocolHandler ["http-nio-8888"]
INFO  21-06-10 14:06:00:689[restartedMain] [StandardService:173] - Starting service [Tomcat]
INFO  21-06-10 14:06:00:689[restartedMain] [StandardEngine:173] - Starting Servlet engine: [Apache Tomcat/9.0.41]
INFO  21-06-10 14:06:00:887[restartedMain] [TldScanner:173] - At least one JAR was scanned for TLDs yet contained no TLDs. Enable debug logging for this logger for a complete list of JARs that were scanned but no TLDs were found in them. Skipping unneeded JARs during scanning can improve startup time and JSP compilation time.
INFO  21-06-10 14:06:00:892[restartedMain] [[/]:173] - Initializing Spring embedded WebApplicationContext
INFO  21-06-10 14:06:00:892[restartedMain] [ServletWebServerApplicationContext:289] - Root WebApplicationContext: initialization completed in 1052 ms
INFO  21-06-10 14:06:01:212[restartedMain] [ThreadPoolTaskExecutor:181] - Initializing ExecutorService 'applicationTaskExecutor'
INFO  21-06-10 14:06:01:616[restartedMain] [OptionalLiveReloadServer:58] - LiveReload server is running on port 35729
INFO  21-06-10 14:06:01:628[restartedMain] [Http11NioProtocol:173] - Starting ProtocolHandler ["http-nio-8888"]
INFO  21-06-10 14:06:01:644[restartedMain] [TomcatWebServer:220] - Tomcat started on port(s): 8888 (http) with context path ''
INFO  21-06-10 14:06:01:654[restartedMain] [AdminSmartboxApplication:61] - Started AdminSmartboxApplication in 2.227 seconds (JVM running for 2.723)
INFO  21-06-10 14:06:05:399[http-nio-8888-exec-6] [[/]:173] - Initializing Spring DispatcherServlet 'dispatcherServlet'
INFO  21-06-10 14:06:05:400[http-nio-8888-exec-6] [DispatcherServlet:525] - Initializing Servlet 'dispatcherServlet'
INFO  21-06-10 14:06:05:400[http-nio-8888-exec-6] [DispatcherServlet:547] - Completed initialization in 0 ms
INFO  21-06-10 14:06:05:416[http-nio-8888-exec-6] [DefaultController:52] - [WEB][webController][mainPage] url:/default/userApp
INFO  21-06-10 14:06:05:426[http-nio-8888-exec-6] [DefaultController:95] - json:{
  "leftMenuList": [
    {
      "menu_name": "약관관리",
      "menu_icon": "pe-7s-display2",
      "link_url": "#",
      "leftMenuSub": [
        {
          "menu_name": "사용자APP",
          "link_url": "/default/userApp"
        },
        {
          "menu_name": "관리자APP",
          "link_url": "/default/adminApp"
        }
      ]
    },
    {
      "menu_name": "사업자관리",
      "menu_icon": "pe-7s-display2",
      "link_url": "#",
      "leftMenuSub": [
        {
          "menu_name": "사업자설정",
          "link_url": "/default/userApp"
        }
      ]
    }
  ]
}
INFO  21-06-10 14:12:48:722[restartedMain] [AdminSmartboxApplication:55] - Starting AdminSmartboxApplication using Java 14.0.2 on DESKTOP-O9DMHOH with PID 19884 (C:\SmartBoxAdmin\target\classes started by vd in C:\SmartBoxAdmin)
INFO  21-06-10 14:12:48:726[restartedMain] [AdminSmartboxApplication:664] - The following profiles are active: prod
INFO  21-06-10 14:12:48:776[restartedMain] [DevToolsPropertyDefaultsPostProcessor:255] - Devtools property defaults active! Set 'spring.devtools.add-properties' to 'false' to disable
INFO  21-06-10 14:12:48:776[restartedMain] [DevToolsPropertyDefaultsPostProcessor:255] - For additional web related logging consider setting the 'logging.level.web' property to 'DEBUG'
INFO  21-06-10 14:12:49:587[restartedMain] [TomcatWebServer:108] - Tomcat initialized with port(s): 8888 (http)
INFO  21-06-10 14:12:49:593[restartedMain] [Http11NioProtocol:173] - Initializing ProtocolHandler ["http-nio-8888"]
INFO  21-06-10 14:12:49:593[restartedMain] [StandardService:173] - Starting service [Tomcat]
INFO  21-06-10 14:12:49:594[restartedMain] [StandardEngine:173] - Starting Servlet engine: [Apache Tomcat/9.0.41]
INFO  21-06-10 14:12:49:778[restartedMain] [TldScanner:173] - At least one JAR was scanned for TLDs yet contained no TLDs. Enable debug logging for this logger for a complete list of JARs that were scanned but no TLDs were found in them. Skipping unneeded JARs during scanning can improve startup time and JSP compilation time.
INFO  21-06-10 14:12:49:783[restartedMain] [[/]:173] - Initializing Spring embedded WebApplicationContext
INFO  21-06-10 14:12:49:784[restartedMain] [ServletWebServerApplicationContext:289] - Root WebApplicationContext: initialization completed in 1007 ms
INFO  21-06-10 14:12:50:098[restartedMain] [ThreadPoolTaskExecutor:181] - Initializing ExecutorService 'applicationTaskExecutor'
INFO  21-06-10 14:12:50:496[restartedMain] [OptionalLiveReloadServer:58] - LiveReload server is running on port 35729
INFO  21-06-10 14:12:50:507[restartedMain] [Http11NioProtocol:173] - Starting ProtocolHandler ["http-nio-8888"]
INFO  21-06-10 14:12:50:521[restartedMain] [TomcatWebServer:220] - Tomcat started on port(s): 8888 (http) with context path ''
INFO  21-06-10 14:12:50:533[restartedMain] [AdminSmartboxApplication:61] - Started AdminSmartboxApplication in 2.173 seconds (JVM running for 2.659)
INFO  21-06-10 14:12:53:008[http-nio-8888-exec-2] [[/]:173] - Initializing Spring DispatcherServlet 'dispatcherServlet'
INFO  21-06-10 14:12:53:009[http-nio-8888-exec-2] [DispatcherServlet:525] - Initializing Servlet 'dispatcherServlet'
INFO  21-06-10 14:12:53:009[http-nio-8888-exec-2] [DispatcherServlet:547] - Completed initialization in 0 ms
INFO  21-06-10 14:12:53:023[http-nio-8888-exec-2] [DefaultController:52] - [WEB][webController][mainPage] url:/default/userApp
INFO  21-06-10 14:12:53:031[http-nio-8888-exec-2] [DefaultController:132] - json:{
  "leftMenuList": [
    {
      "menu_name": "약관관리",
      "menu_icon": "pe-7s-display2",
      "link_url": "#",
      "leftMenuSub": [
        {
          "menu_name": "사용자APP",
          "link_url": "/default/userApp"
        },
        {
          "menu_name": "관리자APP",
          "link_url": "/default/adminApp"
        }
      ]
    },
    {
      "menu_name": "사업자관리",
      "menu_icon": "pe-7s-display2",
      "link_url": "#",
      "leftMenuSub": [
        {
          "menu_name": "사업자설정",
          "link_url": "/default/userApp"
        }
      ]
    },
    {
      "menu_name": "어플관리",
      "menu_icon": "pe-7s-display2",
      "link_url": "#",
      "leftMenuSub": [
        {
          "menu_name": "버전설정",
          "link_url": "/default/appVersion"
        },
        {
          "menu_name": "제한설정",
          "link_url": "/default/appAuth"
        }
      ]
    },
    {
      "menu_name": "환불정책",
      "menu_icon": "pe-7s-display2",
      "link_url": "#",
      "leftMenuSub": [
        {
          "menu_name": "환불설정",
          "link_url": "/default/refundMng"
        }
      ]
    },
    {
      "menu_name": "결제수단관리",
      "menu_icon": "pe-7s-display2",
      "link_url": "#",
      "leftMenuSub": [
        {
          "menu_name": "카드설정",
          "link_url": "/default/paymentCardMng"
        }
      ]
    }
  ]
}
INFO  21-06-10 14:13:06:139[http-nio-8888-exec-8] [DefaultController:52] - [WEB][webController][mainPage] url:/default/userApp
INFO  21-06-10 14:13:06:140[http-nio-8888-exec-8] [DefaultController:132] - json:{
  "leftMenuList": [
    {
      "menu_name": "약관관리",
      "menu_icon": "pe-7s-display2",
      "link_url": "#",
      "leftMenuSub": [
        {
          "menu_name": "사용자APP",
          "link_url": "/default/userApp"
        },
        {
          "menu_name": "관리자APP",
          "link_url": "/default/adminApp"
        }
      ]
    },
    {
      "menu_name": "사업자관리",
      "menu_icon": "pe-7s-display2",
      "link_url": "#",
      "leftMenuSub": [
        {
          "menu_name": "사업자설정",
          "link_url": "/default/userApp"
        }
      ]
    },
    {
      "menu_name": "어플관리",
      "menu_icon": "pe-7s-display2",
      "link_url": "#",
      "leftMenuSub": [
        {
          "menu_name": "버전설정",
          "link_url": "/default/appVersion"
        },
        {
          "menu_name": "제한설정",
          "link_url": "/default/appAuth"
        }
      ]
    },
    {
      "menu_name": "환불정책",
      "menu_icon": "pe-7s-display2",
      "link_url": "#",
      "leftMenuSub": [
        {
          "menu_name": "환불설정",
          "link_url": "/default/refundMng"
        }
      ]
    },
    {
      "menu_name": "결제수단관리",
      "menu_icon": "pe-7s-display2",
      "link_url": "#",
      "leftMenuSub": [
        {
          "menu_name": "카드설정",
          "link_url": "/default/paymentCardMng"
        }
      ]
    }
  ]
}
INFO  21-06-10 14:15:23:126[http-nio-8888-exec-2] [DefaultController:52] - [WEB][webController][mainPage] url:/default/userApp
INFO  21-06-10 14:15:23:128[http-nio-8888-exec-2] [DefaultController:132] - json:{
  "leftMenuList": [
    {
      "menu_name": "약관관리",
      "menu_icon": "pe-7s-display2",
      "link_url": "#",
      "leftMenuSub": [
        {
          "menu_name": "사용자APP",
          "link_url": "/default/userApp"
        },
        {
          "menu_name": "관리자APP",
          "link_url": "/default/adminApp"
        }
      ]
    },
    {
      "menu_name": "사업자관리",
      "menu_icon": "pe-7s-display2",
      "link_url": "#",
      "leftMenuSub": [
        {
          "menu_name": "사업자설정",
          "link_url": "/default/userApp"
        }
      ]
    },
    {
      "menu_name": "어플관리",
      "menu_icon": "pe-7s-display2",
      "link_url": "#",
      "leftMenuSub": [
        {
          "menu_name": "버전설정",
          "link_url": "/default/appVersion"
        },
        {
          "menu_name": "제한설정",
          "link_url": "/default/appAuth"
        }
      ]
    },
    {
      "menu_name": "환불정책",
      "menu_icon": "pe-7s-display2",
      "link_url": "#",
      "leftMenuSub": [
        {
          "menu_name": "환불설정",
          "link_url": "/default/refundMng"
        }
      ]
    },
    {
      "menu_name": "결제수단관리",
      "menu_icon": "pe-7s-display2",
      "link_url": "#",
      "leftMenuSub": [
        {
          "menu_name": "카드설정",
          "link_url": "/default/paymentCardMng"
        }
      ]
    }
  ]
}
INFO  21-06-10 14:15:26:563[http-nio-8888-exec-1] [DefaultController:52] - [WEB][webController][mainPage] url:/default/userApp
INFO  21-06-10 14:15:26:565[http-nio-8888-exec-1] [DefaultController:132] - json:{
  "leftMenuList": [
    {
      "menu_name": "약관관리",
      "menu_icon": "pe-7s-display2",
      "link_url": "#",
      "leftMenuSub": [
        {
          "menu_name": "사용자APP",
          "link_url": "/default/userApp"
        },
        {
          "menu_name": "관리자APP",
          "link_url": "/default/adminApp"
        }
      ]
    },
    {
      "menu_name": "사업자관리",
      "menu_icon": "pe-7s-display2",
      "link_url": "#",
      "leftMenuSub": [
        {
          "menu_name": "사업자설정",
          "link_url": "/default/userApp"
        }
      ]
    },
    {
      "menu_name": "어플관리",
      "menu_icon": "pe-7s-display2",
      "link_url": "#",
      "leftMenuSub": [
        {
          "menu_name": "버전설정",
          "link_url": "/default/appVersion"
        },
        {
          "menu_name": "제한설정",
          "link_url": "/default/appAuth"
        }
      ]
    },
    {
      "menu_name": "환불정책",
      "menu_icon": "pe-7s-display2",
      "link_url": "#",
      "leftMenuSub": [
        {
          "menu_name": "환불설정",
          "link_url": "/default/refundMng"
        }
      ]
    },
    {
      "menu_name": "결제수단관리",
      "menu_icon": "pe-7s-display2",
      "link_url": "#",
      "leftMenuSub": [
        {
          "menu_name": "카드설정",
          "link_url": "/default/paymentCardMng"
        }
      ]
    }
  ]
}
INFO  21-06-10 14:19:02:572[restartedMain] [AdminSmartboxApplication:55] - Starting AdminSmartboxApplication using Java 14.0.2 on DESKTOP-O9DMHOH with PID 6036 (C:\SmartBoxAdmin\target\classes started by vd in C:\SmartBoxAdmin)
INFO  21-06-10 14:19:02:575[restartedMain] [AdminSmartboxApplication:664] - The following profiles are active: prod
INFO  21-06-10 14:19:02:624[restartedMain] [DevToolsPropertyDefaultsPostProcessor:255] - Devtools property defaults active! Set 'spring.devtools.add-properties' to 'false' to disable
INFO  21-06-10 14:19:02:625[restartedMain] [DevToolsPropertyDefaultsPostProcessor:255] - For additional web related logging consider setting the 'logging.level.web' property to 'DEBUG'
INFO  21-06-10 14:19:03:443[restartedMain] [TomcatWebServer:108] - Tomcat initialized with port(s): 8888 (http)
INFO  21-06-10 14:19:03:449[restartedMain] [Http11NioProtocol:173] - Initializing ProtocolHandler ["http-nio-8888"]
INFO  21-06-10 14:19:03:449[restartedMain] [StandardService:173] - Starting service [Tomcat]
INFO  21-06-10 14:19:03:449[restartedMain] [StandardEngine:173] - Starting Servlet engine: [Apache Tomcat/9.0.41]
INFO  21-06-10 14:19:03:636[restartedMain] [TldScanner:173] - At least one JAR was scanned for TLDs yet contained no TLDs. Enable debug logging for this logger for a complete list of JARs that were scanned but no TLDs were found in them. Skipping unneeded JARs during scanning can improve startup time and JSP compilation time.
INFO  21-06-10 14:19:03:640[restartedMain] [[/]:173] - Initializing Spring embedded WebApplicationContext
INFO  21-06-10 14:19:03:640[restartedMain] [ServletWebServerApplicationContext:289] - Root WebApplicationContext: initialization completed in 1015 ms
INFO  21-06-10 14:19:03:959[restartedMain] [ThreadPoolTaskExecutor:181] - Initializing ExecutorService 'applicationTaskExecutor'
INFO  21-06-10 14:19:04:354[restartedMain] [OptionalLiveReloadServer:58] - LiveReload server is running on port 35729
INFO  21-06-10 14:19:04:365[restartedMain] [Http11NioProtocol:173] - Starting ProtocolHandler ["http-nio-8888"]
INFO  21-06-10 14:19:04:380[restartedMain] [TomcatWebServer:220] - Tomcat started on port(s): 8888 (http) with context path ''
INFO  21-06-10 14:19:04:391[restartedMain] [AdminSmartboxApplication:61] - Started AdminSmartboxApplication in 2.174 seconds (JVM running for 2.733)
INFO  21-06-10 14:19:18:270[http-nio-8888-exec-1] [[/]:173] - Initializing Spring DispatcherServlet 'dispatcherServlet'
INFO  21-06-10 14:19:18:270[http-nio-8888-exec-1] [DispatcherServlet:525] - Initializing Servlet 'dispatcherServlet'
INFO  21-06-10 14:19:18:270[http-nio-8888-exec-1] [DispatcherServlet:547] - Completed initialization in 0 ms
INFO  21-06-10 14:19:18:291[http-nio-8888-exec-1] [DefaultController:128] - json:{
  "leftMenuList": [
    {
      "menu_name": "약관관리",
      "menu_icon": "pe-7s-display2",
      "link_url": "#",
      "leftMenuSub": [
        {
          "menu_name": "사용자APP",
          "link_url": "/default/userApp"
        },
        {
          "menu_name": "관리자APP",
          "link_url": "/default/adminApp"
        }
      ]
    },
    {
      "menu_name": "사업자관리",
      "menu_icon": "pe-7s-display2",
      "link_url": "#",
      "leftMenuSub": [
        {
          "menu_name": "사업자설정",
          "link_url": "/default/agencyMng"
        }
      ]
    },
    {
      "menu_name": "어플관리",
      "menu_icon": "pe-7s-display2",
      "link_url": "#",
      "leftMenuSub": [
        {
          "menu_name": "버전설정",
          "link_url": "/default/appVersion"
        },
        {
          "menu_name": "제한설정",
          "link_url": "/default/appAuth"
        }
      ]
    },
    {
      "menu_name": "환불정책",
      "menu_icon": "pe-7s-display2",
      "link_url": "#",
      "leftMenuSub": [
        {
          "menu_name": "환불설정",
          "link_url": "/default/refundMng"
        }
      ]
    },
    {
      "menu_name": "결제수단관리",
      "menu_icon": "pe-7s-display2",
      "link_url": "#",
      "leftMenuSub": [
        {
          "menu_name": "카드설정",
          "link_url": "/default/paymentCardMng"
        }
      ]
    }
  ]
}
INFO  21-06-10 14:19:21:958[http-nio-8888-exec-2] [DefaultController:146] - json:{
  "leftMenuList": [
    {
      "menu_name": "약관관리",
      "menu_icon": "pe-7s-display2",
      "link_url": "#",
      "leftMenuSub": [
        {
          "menu_name": "사용자APP",
          "link_url": "/default/userApp"
        },
        {
          "menu_name": "관리자APP",
          "link_url": "/default/adminApp"
        }
      ]
    },
    {
      "menu_name": "사업자관리",
      "menu_icon": "pe-7s-display2",
      "link_url": "#",
      "leftMenuSub": [
        {
          "menu_name": "사업자설정",
          "link_url": "/default/agencyMng"
        }
      ]
    },
    {
      "menu_name": "어플관리",
      "menu_icon": "pe-7s-display2",
      "link_url": "#",
      "leftMenuSub": [
        {
          "menu_name": "버전설정",
          "link_url": "/default/appVersion"
        },
        {
          "menu_name": "제한설정",
          "link_url": "/default/appAuth"
        }
      ]
    },
    {
      "menu_name": "환불정책",
      "menu_icon": "pe-7s-display2",
      "link_url": "#",
      "leftMenuSub": [
        {
          "menu_name": "환불설정",
          "link_url": "/default/refundMng"
        }
      ]
    },
    {
      "menu_name": "결제수단관리",
      "menu_icon": "pe-7s-display2",
      "link_url": "#",
      "leftMenuSub": [
        {
          "menu_name": "카드설정",
          "link_url": "/default/paymentCardMng"
        }
      ]
    }
  ]
}
INFO  21-06-10 14:19:25:600[http-nio-8888-exec-7] [DefaultController:128] - json:{
  "leftMenuList": [
    {
      "menu_name": "약관관리",
      "menu_icon": "pe-7s-display2",
      "link_url": "#",
      "leftMenuSub": [
        {
          "menu_name": "사용자APP",
          "link_url": "/default/userApp"
        },
        {
          "menu_name": "관리자APP",
          "link_url": "/default/adminApp"
        }
      ]
    },
    {
      "menu_name": "사업자관리",
      "menu_icon": "pe-7s-display2",
      "link_url": "#",
      "leftMenuSub": [
        {
          "menu_name": "사업자설정",
          "link_url": "/default/agencyMng"
        }
      ]
    },
    {
      "menu_name": "어플관리",
      "menu_icon": "pe-7s-display2",
      "link_url": "#",
      "leftMenuSub": [
        {
          "menu_name": "버전설정",
          "link_url": "/default/appVersion"
        },
        {
          "menu_name": "제한설정",
          "link_url": "/default/appAuth"
        }
      ]
    },
    {
      "menu_name": "환불정책",
      "menu_icon": "pe-7s-display2",
      "link_url": "#",
      "leftMenuSub": [
        {
          "menu_name": "환불설정",
          "link_url": "/default/refundMng"
        }
      ]
    },
    {
      "menu_name": "결제수단관리",
      "menu_icon": "pe-7s-display2",
      "link_url": "#",
      "leftMenuSub": [
        {
          "menu_name": "카드설정",
          "link_url": "/default/paymentCardMng"
        }
      ]
    }
  ]
}
INFO  21-06-10 14:19:51:244[http-nio-8888-exec-9] [DefaultController:128] - json:{
  "leftMenuList": [
    {
      "menu_name": "약관관리",
      "menu_icon": "pe-7s-display2",
      "link_url": "#",
      "leftMenuSub": [
        {
          "menu_name": "사용자APP",
          "link_url": "/default/userApp"
        },
        {
          "menu_name": "관리자APP",
          "link_url": "/default/adminApp"
        }
      ]
    },
    {
      "menu_name": "사업자관리",
      "menu_icon": "pe-7s-display2",
      "link_url": "#",
      "leftMenuSub": [
        {
          "menu_name": "사업자설정",
          "link_url": "/default/agencyMng"
        }
      ]
    },
    {
      "menu_name": "어플관리",
      "menu_icon": "pe-7s-display2",
      "link_url": "#",
      "leftMenuSub": [
        {
          "menu_name": "버전설정",
          "link_url": "/default/appVersion"
        },
        {
          "menu_name": "제한설정",
          "link_url": "/default/appAuth"
        }
      ]
    },
    {
      "menu_name": "환불정책",
      "menu_icon": "pe-7s-display2",
      "link_url": "#",
      "leftMenuSub": [
        {
          "menu_name": "환불설정",
          "link_url": "/default/refundMng"
        }
      ]
    },
    {
      "menu_name": "결제수단관리",
      "menu_icon": "pe-7s-display2",
      "link_url": "#",
      "leftMenuSub": [
        {
          "menu_name": "카드설정",
          "link_url": "/default/paymentCardMng"
        }
      ]
    }
  ]
}
INFO  21-06-10 14:19:52:877[http-nio-8888-exec-4] [DefaultController:146] - json:{
  "leftMenuList": [
    {
      "menu_name": "약관관리",
      "menu_icon": "pe-7s-display2",
      "link_url": "#",
      "leftMenuSub": [
        {
          "menu_name": "사용자APP",
          "link_url": "/default/userApp"
        },
        {
          "menu_name": "관리자APP",
          "link_url": "/default/adminApp"
        }
      ]
    },
    {
      "menu_name": "사업자관리",
      "menu_icon": "pe-7s-display2",
      "link_url": "#",
      "leftMenuSub": [
        {
          "menu_name": "사업자설정",
          "link_url": "/default/agencyMng"
        }
      ]
    },
    {
      "menu_name": "어플관리",
      "menu_icon": "pe-7s-display2",
      "link_url": "#",
      "leftMenuSub": [
        {
          "menu_name": "버전설정",
          "link_url": "/default/appVersion"
        },
        {
          "menu_name": "제한설정",
          "link_url": "/default/appAuth"
        }
      ]
    },
    {
      "menu_name": "환불정책",
      "menu_icon": "pe-7s-display2",
      "link_url": "#",
      "leftMenuSub": [
        {
          "menu_name": "환불설정",
          "link_url": "/default/refundMng"
        }
      ]
    },
    {
      "menu_name": "결제수단관리",
      "menu_icon": "pe-7s-display2",
      "link_url": "#",
      "leftMenuSub": [
        {
          "menu_name": "카드설정",
          "link_url": "/default/paymentCardMng"
        }
      ]
    }
  ]
}
INFO  21-06-10 14:21:20:615[http-nio-8888-exec-5] [DefaultController:164] - json:{
  "leftMenuList": [
    {
      "menu_name": "약관관리",
      "menu_icon": "pe-7s-display2",
      "link_url": "#",
      "leftMenuSub": [
        {
          "menu_name": "사용자APP",
          "link_url": "/default/userApp"
        },
        {
          "menu_name": "관리자APP",
          "link_url": "/default/adminApp"
        }
      ]
    },
    {
      "menu_name": "사업자관리",
      "menu_icon": "pe-7s-display2",
      "link_url": "#",
      "leftMenuSub": [
        {
          "menu_name": "사업자설정",
          "link_url": "/default/agencyMng"
        }
      ]
    },
    {
      "menu_name": "어플관리",
      "menu_icon": "pe-7s-display2",
      "link_url": "#",
      "leftMenuSub": [
        {
          "menu_name": "버전설정",
          "link_url": "/default/appVersion"
        },
        {
          "menu_name": "제한설정",
          "link_url": "/default/appAuth"
        }
      ]
    },
    {
      "menu_name": "환불정책",
      "menu_icon": "pe-7s-display2",
      "link_url": "#",
      "leftMenuSub": [
        {
          "menu_name": "환불설정",
          "link_url": "/default/refundMng"
        }
      ]
    },
    {
      "menu_name": "결제수단관리",
      "menu_icon": "pe-7s-display2",
      "link_url": "#",
      "leftMenuSub": [
        {
          "menu_name": "카드설정",
          "link_url": "/default/paymentCardMng"
        }
      ]
    }
  ]
}
INFO  21-06-10 14:21:55:227[http-nio-8888-exec-9] [DefaultController:146] - json:{
  "leftMenuList": [
    {
      "menu_name": "약관관리",
      "menu_icon": "pe-7s-display2",
      "link_url": "#",
      "leftMenuSub": [
        {
          "menu_name": "사용자APP",
          "link_url": "/default/userApp"
        },
        {
          "menu_name": "관리자APP",
          "link_url": "/default/adminApp"
        }
      ]
    },
    {
      "menu_name": "사업자관리",
      "menu_icon": "pe-7s-display2",
      "link_url": "#",
      "leftMenuSub": [
        {
          "menu_name": "사업자설정",
          "link_url": "/default/agencyMng"
        }
      ]
    },
    {
      "menu_name": "어플관리",
      "menu_icon": "pe-7s-display2",
      "link_url": "#",
      "leftMenuSub": [
        {
          "menu_name": "버전설정",
          "link_url": "/default/appVersion"
        },
        {
          "menu_name": "제한설정",
          "link_url": "/default/appAuth"
        }
      ]
    },
    {
      "menu_name": "환불정책",
      "menu_icon": "pe-7s-display2",
      "link_url": "#",
      "leftMenuSub": [
        {
          "menu_name": "환불설정",
          "link_url": "/default/refundMng"
        }
      ]
    },
    {
      "menu_name": "결제수단관리",
      "menu_icon": "pe-7s-display2",
      "link_url": "#",
      "leftMenuSub": [
        {
          "menu_name": "카드설정",
          "link_url": "/default/paymentCardMng"
        }
      ]
    }
  ]
}
INFO  21-06-10 14:22:00:284[http-nio-8888-exec-3] [DefaultController:146] - json:{
  "leftMenuList": [
    {
      "menu_name": "약관관리",
      "menu_icon": "pe-7s-display2",
      "link_url": "#",
      "leftMenuSub": [
        {
          "menu_name": "사용자APP",
          "link_url": "/default/userApp"
        },
        {
          "menu_name": "관리자APP",
          "link_url": "/default/adminApp"
        }
      ]
    },
    {
      "menu_name": "사업자관리",
      "menu_icon": "pe-7s-display2",
      "link_url": "#",
      "leftMenuSub": [
        {
          "menu_name": "사업자설정",
          "link_url": "/default/agencyMng"
        }
      ]
    },
    {
      "menu_name": "어플관리",
      "menu_icon": "pe-7s-display2",
      "link_url": "#",
      "leftMenuSub": [
        {
          "menu_name": "버전설정",
          "link_url": "/default/appVersion"
        },
        {
          "menu_name": "제한설정",
          "link_url": "/default/appAuth"
        }
      ]
    },
    {
      "menu_name": "환불정책",
      "menu_icon": "pe-7s-display2",
      "link_url": "#",
      "leftMenuSub": [
        {
          "menu_name": "환불설정",
          "link_url": "/default/refundMng"
        }
      ]
    },
    {
      "menu_name": "결제수단관리",
      "menu_icon": "pe-7s-display2",
      "link_url": "#",
      "leftMenuSub": [
        {
          "menu_name": "카드설정",
          "link_url": "/default/paymentCardMng"
        }
      ]
    }
  ]
}
INFO  21-06-10 14:22:02:645[http-nio-8888-exec-1] [DefaultController:164] - json:{
  "leftMenuList": [
    {
      "menu_name": "약관관리",
      "menu_icon": "pe-7s-display2",
      "link_url": "#",
      "leftMenuSub": [
        {
          "menu_name": "사용자APP",
          "link_url": "/default/userApp"
        },
        {
          "menu_name": "관리자APP",
          "link_url": "/default/adminApp"
        }
      ]
    },
    {
      "menu_name": "사업자관리",
      "menu_icon": "pe-7s-display2",
      "link_url": "#",
      "leftMenuSub": [
        {
          "menu_name": "사업자설정",
          "link_url": "/default/agencyMng"
        }
      ]
    },
    {
      "menu_name": "어플관리",
      "menu_icon": "pe-7s-display2",
      "link_url": "#",
      "leftMenuSub": [
        {
          "menu_name": "버전설정",
          "link_url": "/default/appVersion"
        },
        {
          "menu_name": "제한설정",
          "link_url": "/default/appAuth"
        }
      ]
    },
    {
      "menu_name": "환불정책",
      "menu_icon": "pe-7s-display2",
      "link_url": "#",
      "leftMenuSub": [
        {
          "menu_name": "환불설정",
          "link_url": "/default/refundMng"
        }
      ]
    },
    {
      "menu_name": "결제수단관리",
      "menu_icon": "pe-7s-display2",
      "link_url": "#",
      "leftMenuSub": [
        {
          "menu_name": "카드설정",
          "link_url": "/default/paymentCardMng"
        }
      ]
    }
  ]
}
INFO  21-06-10 14:22:05:021[http-nio-8888-exec-9] [DefaultController:182] - json:{
  "leftMenuList": [
    {
      "menu_name": "약관관리",
      "menu_icon": "pe-7s-display2",
      "link_url": "#",
      "leftMenuSub": [
        {
          "menu_name": "사용자APP",
          "link_url": "/default/userApp"
        },
        {
          "menu_name": "관리자APP",
          "link_url": "/default/adminApp"
        }
      ]
    },
    {
      "menu_name": "사업자관리",
      "menu_icon": "pe-7s-display2",
      "link_url": "#",
      "leftMenuSub": [
        {
          "menu_name": "사업자설정",
          "link_url": "/default/agencyMng"
        }
      ]
    },
    {
      "menu_name": "어플관리",
      "menu_icon": "pe-7s-display2",
      "link_url": "#",
      "leftMenuSub": [
        {
          "menu_name": "버전설정",
          "link_url": "/default/appVersion"
        },
        {
          "menu_name": "제한설정",
          "link_url": "/default/appAuth"
        }
      ]
    },
    {
      "menu_name": "환불정책",
      "menu_icon": "pe-7s-display2",
      "link_url": "#",
      "leftMenuSub": [
        {
          "menu_name": "환불설정",
          "link_url": "/default/refundMng"
        }
      ]
    },
    {
      "menu_name": "결제수단관리",
      "menu_icon": "pe-7s-display2",
      "link_url": "#",
      "leftMenuSub": [
        {
          "menu_name": "카드설정",
          "link_url": "/default/paymentCardMng"
        }
      ]
    }
  ]
}
INFO  21-06-10 14:22:06:258[http-nio-8888-exec-6] [DefaultController:164] - json:{
  "leftMenuList": [
    {
      "menu_name": "약관관리",
      "menu_icon": "pe-7s-display2",
      "link_url": "#",
      "leftMenuSub": [
        {
          "menu_name": "사용자APP",
          "link_url": "/default/userApp"
        },
        {
          "menu_name": "관리자APP",
          "link_url": "/default/adminApp"
        }
      ]
    },
    {
      "menu_name": "사업자관리",
      "menu_icon": "pe-7s-display2",
      "link_url": "#",
      "leftMenuSub": [
        {
          "menu_name": "사업자설정",
          "link_url": "/default/agencyMng"
        }
      ]
    },
    {
      "menu_name": "어플관리",
      "menu_icon": "pe-7s-display2",
      "link_url": "#",
      "leftMenuSub": [
        {
          "menu_name": "버전설정",
          "link_url": "/default/appVersion"
        },
        {
          "menu_name": "제한설정",
          "link_url": "/default/appAuth"
        }
      ]
    },
    {
      "menu_name": "환불정책",
      "menu_icon": "pe-7s-display2",
      "link_url": "#",
      "leftMenuSub": [
        {
          "menu_name": "환불설정",
          "link_url": "/default/refundMng"
        }
      ]
    },
    {
      "menu_name": "결제수단관리",
      "menu_icon": "pe-7s-display2",
      "link_url": "#",
      "leftMenuSub": [
        {
          "menu_name": "카드설정",
          "link_url": "/default/paymentCardMng"
        }
      ]
    }
  ]
}
INFO  21-06-10 14:22:10:793[http-nio-8888-exec-10] [DefaultController:164] - json:{
  "leftMenuList": [
    {
      "menu_name": "약관관리",
      "menu_icon": "pe-7s-display2",
      "link_url": "#",
      "leftMenuSub": [
        {
          "menu_name": "사용자APP",
          "link_url": "/default/userApp"
        },
        {
          "menu_name": "관리자APP",
          "link_url": "/default/adminApp"
        }
      ]
    },
    {
      "menu_name": "사업자관리",
      "menu_icon": "pe-7s-display2",
      "link_url": "#",
      "leftMenuSub": [
        {
          "menu_name": "사업자설정",
          "link_url": "/default/agencyMng"
        }
      ]
    },
    {
      "menu_name": "어플관리",
      "menu_icon": "pe-7s-display2",
      "link_url": "#",
      "leftMenuSub": [
        {
          "menu_name": "버전설정",
          "link_url": "/default/appVersion"
        },
        {
          "menu_name": "제한설정",
          "link_url": "/default/appAuth"
        }
      ]
    },
    {
      "menu_name": "환불정책",
      "menu_icon": "pe-7s-display2",
      "link_url": "#",
      "leftMenuSub": [
        {
          "menu_name": "환불설정",
          "link_url": "/default/refundMng"
        }
      ]
    },
    {
      "menu_name": "결제수단관리",
      "menu_icon": "pe-7s-display2",
      "link_url": "#",
      "leftMenuSub": [
        {
          "menu_name": "카드설정",
          "link_url": "/default/paymentCardMng"
        }
      ]
    }
  ]
}
INFO  21-06-10 14:23:16:074[http-nio-8888-exec-2] [DefaultController:164] - json:{
  "leftMenuList": [
    {
      "menu_name": "약관관리",
      "menu_icon": "pe-7s-display2",
      "link_url": "#",
      "leftMenuSub": [
        {
          "menu_name": "사용자APP",
          "link_url": "/default/userApp"
        },
        {
          "menu_name": "관리자APP",
          "link_url": "/default/adminApp"
        }
      ]
    },
    {
      "menu_name": "사업자관리",
      "menu_icon": "pe-7s-display2",
      "link_url": "#",
      "leftMenuSub": [
        {
          "menu_name": "사업자설정",
          "link_url": "/default/agencyMng"
        }
      ]
    },
    {
      "menu_name": "어플관리",
      "menu_icon": "pe-7s-display2",
      "link_url": "#",
      "leftMenuSub": [
        {
          "menu_name": "버전설정",
          "link_url": "/default/appVersion"
        },
        {
          "menu_name": "제한설정",
          "link_url": "/default/appAuth"
        }
      ]
    },
    {
      "menu_name": "환불정책",
      "menu_icon": "pe-7s-display2",
      "link_url": "#",
      "leftMenuSub": [
        {
          "menu_name": "환불설정",
          "link_url": "/default/refundMng"
        }
      ]
    },
    {
      "menu_name": "결제수단관리",
      "menu_icon": "pe-7s-display2",
      "link_url": "#",
      "leftMenuSub": [
        {
          "menu_name": "카드설정",
          "link_url": "/default/paymentCardMng"
        }
      ]
    }
  ]
}
INFO  21-06-10 14:23:17:464[http-nio-8888-exec-1] [DefaultController:128] - json:{
  "leftMenuList": [
    {
      "menu_name": "약관관리",
      "menu_icon": "pe-7s-display2",
      "link_url": "#",
      "leftMenuSub": [
        {
          "menu_name": "사용자APP",
          "link_url": "/default/userApp"
        },
        {
          "menu_name": "관리자APP",
          "link_url": "/default/adminApp"
        }
      ]
    },
    {
      "menu_name": "사업자관리",
      "menu_icon": "pe-7s-display2",
      "link_url": "#",
      "leftMenuSub": [
        {
          "menu_name": "사업자설정",
          "link_url": "/default/agencyMng"
        }
      ]
    },
    {
      "menu_name": "어플관리",
      "menu_icon": "pe-7s-display2",
      "link_url": "#",
      "leftMenuSub": [
        {
          "menu_name": "버전설정",
          "link_url": "/default/appVersion"
        },
        {
          "menu_name": "제한설정",
          "link_url": "/default/appAuth"
        }
      ]
    },
    {
      "menu_name": "환불정책",
      "menu_icon": "pe-7s-display2",
      "link_url": "#",
      "leftMenuSub": [
        {
          "menu_name": "환불설정",
          "link_url": "/default/refundMng"
        }
      ]
    },
    {
      "menu_name": "결제수단관리",
      "menu_icon": "pe-7s-display2",
      "link_url": "#",
      "leftMenuSub": [
        {
          "menu_name": "카드설정",
          "link_url": "/default/paymentCardMng"
        }
      ]
    }
  ]
}
INFO  21-06-10 14:23:18:680[http-nio-8888-exec-3] [DefaultController:146] - json:{
  "leftMenuList": [
    {
      "menu_name": "약관관리",
      "menu_icon": "pe-7s-display2",
      "link_url": "#",
      "leftMenuSub": [
        {
          "menu_name": "사용자APP",
          "link_url": "/default/userApp"
        },
        {
          "menu_name": "관리자APP",
          "link_url": "/default/adminApp"
        }
      ]
    },
    {
      "menu_name": "사업자관리",
      "menu_icon": "pe-7s-display2",
      "link_url": "#",
      "leftMenuSub": [
        {
          "menu_name": "사업자설정",
          "link_url": "/default/agencyMng"
        }
      ]
    },
    {
      "menu_name": "어플관리",
      "menu_icon": "pe-7s-display2",
      "link_url": "#",
      "leftMenuSub": [
        {
          "menu_name": "버전설정",
          "link_url": "/default/appVersion"
        },
        {
          "menu_name": "제한설정",
          "link_url": "/default/appAuth"
        }
      ]
    },
    {
      "menu_name": "환불정책",
      "menu_icon": "pe-7s-display2",
      "link_url": "#",
      "leftMenuSub": [
        {
          "menu_name": "환불설정",
          "link_url": "/default/refundMng"
        }
      ]
    },
    {
      "menu_name": "결제수단관리",
      "menu_icon": "pe-7s-display2",
      "link_url": "#",
      "leftMenuSub": [
        {
          "menu_name": "카드설정",
          "link_url": "/default/paymentCardMng"
        }
      ]
    }
  ]
}
INFO  21-06-10 14:23:20:494[http-nio-8888-exec-2] [DefaultController:164] - json:{
  "leftMenuList": [
    {
      "menu_name": "약관관리",
      "menu_icon": "pe-7s-display2",
      "link_url": "#",
      "leftMenuSub": [
        {
          "menu_name": "사용자APP",
          "link_url": "/default/userApp"
        },
        {
          "menu_name": "관리자APP",
          "link_url": "/default/adminApp"
        }
      ]
    },
    {
      "menu_name": "사업자관리",
      "menu_icon": "pe-7s-display2",
      "link_url": "#",
      "leftMenuSub": [
        {
          "menu_name": "사업자설정",
          "link_url": "/default/agencyMng"
        }
      ]
    },
    {
      "menu_name": "어플관리",
      "menu_icon": "pe-7s-display2",
      "link_url": "#",
      "leftMenuSub": [
        {
          "menu_name": "버전설정",
          "link_url": "/default/appVersion"
        },
        {
          "menu_name": "제한설정",
          "link_url": "/default/appAuth"
        }
      ]
    },
    {
      "menu_name": "환불정책",
      "menu_icon": "pe-7s-display2",
      "link_url": "#",
      "leftMenuSub": [
        {
          "menu_name": "환불설정",
          "link_url": "/default/refundMng"
        }
      ]
    },
    {
      "menu_name": "결제수단관리",
      "menu_icon": "pe-7s-display2",
      "link_url": "#",
      "leftMenuSub": [
        {
          "menu_name": "카드설정",
          "link_url": "/default/paymentCardMng"
        }
      ]
    }
  ]
}
INFO  21-06-10 14:23:22:325[http-nio-8888-exec-5] [DefaultController:182] - json:{
  "leftMenuList": [
    {
      "menu_name": "약관관리",
      "menu_icon": "pe-7s-display2",
      "link_url": "#",
      "leftMenuSub": [
        {
          "menu_name": "사용자APP",
          "link_url": "/default/userApp"
        },
        {
          "menu_name": "관리자APP",
          "link_url": "/default/adminApp"
        }
      ]
    },
    {
      "menu_name": "사업자관리",
      "menu_icon": "pe-7s-display2",
      "link_url": "#",
      "leftMenuSub": [
        {
          "menu_name": "사업자설정",
          "link_url": "/default/agencyMng"
        }
      ]
    },
    {
      "menu_name": "어플관리",
      "menu_icon": "pe-7s-display2",
      "link_url": "#",
      "leftMenuSub": [
        {
          "menu_name": "버전설정",
          "link_url": "/default/appVersion"
        },
        {
          "menu_name": "제한설정",
          "link_url": "/default/appAuth"
        }
      ]
    },
    {
      "menu_name": "환불정책",
      "menu_icon": "pe-7s-display2",
      "link_url": "#",
      "leftMenuSub": [
        {
          "menu_name": "환불설정",
          "link_url": "/default/refundMng"
        }
      ]
    },
    {
      "menu_name": "결제수단관리",
      "menu_icon": "pe-7s-display2",
      "link_url": "#",
      "leftMenuSub": [
        {
          "menu_name": "카드설정",
          "link_url": "/default/paymentCardMng"
        }
      ]
    }
  ]
}
INFO  21-06-10 14:23:23:992[http-nio-8888-exec-3] [DefaultController:200] - json:{
  "leftMenuList": [
    {
      "menu_name": "약관관리",
      "menu_icon": "pe-7s-display2",
      "link_url": "#",
      "leftMenuSub": [
        {
          "menu_name": "사용자APP",
          "link_url": "/default/userApp"
        },
        {
          "menu_name": "관리자APP",
          "link_url": "/default/adminApp"
        }
      ]
    },
    {
      "menu_name": "사업자관리",
      "menu_icon": "pe-7s-display2",
      "link_url": "#",
      "leftMenuSub": [
        {
          "menu_name": "사업자설정",
          "link_url": "/default/agencyMng"
        }
      ]
    },
    {
      "menu_name": "어플관리",
      "menu_icon": "pe-7s-display2",
      "link_url": "#",
      "leftMenuSub": [
        {
          "menu_name": "버전설정",
          "link_url": "/default/appVersion"
        },
        {
          "menu_name": "제한설정",
          "link_url": "/default/appAuth"
        }
      ]
    },
    {
      "menu_name": "환불정책",
      "menu_icon": "pe-7s-display2",
      "link_url": "#",
      "leftMenuSub": [
        {
          "menu_name": "환불설정",
          "link_url": "/default/refundMng"
        }
      ]
    },
    {
      "menu_name": "결제수단관리",
      "menu_icon": "pe-7s-display2",
      "link_url": "#",
      "leftMenuSub": [
        {
          "menu_name": "카드설정",
          "link_url": "/default/paymentCardMng"
        }
      ]
    }
  ]
}
INFO  21-06-10 14:23:25:344[http-nio-8888-exec-2] [DefaultController:218] - json:{
  "leftMenuList": [
    {
      "menu_name": "약관관리",
      "menu_icon": "pe-7s-display2",
      "link_url": "#",
      "leftMenuSub": [
        {
          "menu_name": "사용자APP",
          "link_url": "/default/userApp"
        },
        {
          "menu_name": "관리자APP",
          "link_url": "/default/adminApp"
        }
      ]
    },
    {
      "menu_name": "사업자관리",
      "menu_icon": "pe-7s-display2",
      "link_url": "#",
      "leftMenuSub": [
        {
          "menu_name": "사업자설정",
          "link_url": "/default/agencyMng"
        }
      ]
    },
    {
      "menu_name": "어플관리",
      "menu_icon": "pe-7s-display2",
      "link_url": "#",
      "leftMenuSub": [
        {
          "menu_name": "버전설정",
          "link_url": "/default/appVersion"
        },
        {
          "menu_name": "제한설정",
          "link_url": "/default/appAuth"
        }
      ]
    },
    {
      "menu_name": "환불정책",
      "menu_icon": "pe-7s-display2",
      "link_url": "#",
      "leftMenuSub": [
        {
          "menu_name": "환불설정",
          "link_url": "/default/refundMng"
        }
      ]
    },
    {
      "menu_name": "결제수단관리",
      "menu_icon": "pe-7s-display2",
      "link_url": "#",
      "leftMenuSub": [
        {
          "menu_name": "카드설정",
          "link_url": "/default/paymentCardMng"
        }
      ]
    }
  ]
}
INFO  21-06-10 14:23:26:806[http-nio-8888-exec-5] [DefaultController:236] - json:{
  "leftMenuList": [
    {
      "menu_name": "약관관리",
      "menu_icon": "pe-7s-display2",
      "link_url": "#",
      "leftMenuSub": [
        {
          "menu_name": "사용자APP",
          "link_url": "/default/userApp"
        },
        {
          "menu_name": "관리자APP",
          "link_url": "/default/adminApp"
        }
      ]
    },
    {
      "menu_name": "사업자관리",
      "menu_icon": "pe-7s-display2",
      "link_url": "#",
      "leftMenuSub": [
        {
          "menu_name": "사업자설정",
          "link_url": "/default/agencyMng"
        }
      ]
    },
    {
      "menu_name": "어플관리",
      "menu_icon": "pe-7s-display2",
      "link_url": "#",
      "leftMenuSub": [
        {
          "menu_name": "버전설정",
          "link_url": "/default/appVersion"
        },
        {
          "menu_name": "제한설정",
          "link_url": "/default/appAuth"
        }
      ]
    },
    {
      "menu_name": "환불정책",
      "menu_icon": "pe-7s-display2",
      "link_url": "#",
      "leftMenuSub": [
        {
          "menu_name": "환불설정",
          "link_url": "/default/refundMng"
        }
      ]
    },
    {
      "menu_name": "결제수단관리",
      "menu_icon": "pe-7s-display2",
      "link_url": "#",
      "leftMenuSub": [
        {
          "menu_name": "카드설정",
          "link_url": "/default/paymentCardMng"
        }
      ]
    }
  ]
}
INFO  21-06-10 14:24:56:141[http-nio-8888-exec-4] [DefaultController:128] - json:{
  "leftMenuList": [
    {
      "menu_name": "약관관리",
      "menu_icon": "pe-7s-display2",
      "link_url": "#",
      "leftMenuSub": [
        {
          "menu_name": "사용자APP",
          "link_url": "/default/userApp"
        },
        {
          "menu_name": "관리자APP",
          "link_url": "/default/adminApp"
        }
      ]
    },
    {
      "menu_name": "사업자관리",
      "menu_icon": "pe-7s-display2",
      "link_url": "#",
      "leftMenuSub": [
        {
          "menu_name": "사업자설정",
          "link_url": "/default/agencyMng"
        }
      ]
    },
    {
      "menu_name": "어플관리",
      "menu_icon": "pe-7s-display2",
      "link_url": "#",
      "leftMenuSub": [
        {
          "menu_name": "버전설정",
          "link_url": "/default/appVersion"
        },
        {
          "menu_name": "제한설정",
          "link_url": "/default/appAuth"
        }
      ]
    },
    {
      "menu_name": "환불정책",
      "menu_icon": "pe-7s-display2",
      "link_url": "#",
      "leftMenuSub": [
        {
          "menu_name": "환불설정",
          "link_url": "/default/refundMng"
        }
      ]
    },
    {
      "menu_name": "결제수단관리",
      "menu_icon": "pe-7s-display2",
      "link_url": "#",
      "leftMenuSub": [
        {
          "menu_name": "카드설정",
          "link_url": "/default/paymentCardMng"
        }
      ]
    }
  ]
}
INFO  21-06-10 14:27:22:220[http-nio-8888-exec-8] [DefaultController:128] - json:{
  "leftMenuList": [
    {
      "menu_name": "약관관리",
      "menu_icon": "pe-7s-display2",
      "link_url": "#",
      "leftMenuSub": [
        {
          "menu_name": "사용자APP",
          "link_url": "/default/userApp"
        },
        {
          "menu_name": "관리자APP",
          "link_url": "/default/adminApp"
        }
      ]
    },
    {
      "menu_name": "사업자관리",
      "menu_icon": "pe-7s-display2",
      "link_url": "#",
      "leftMenuSub": [
        {
          "menu_name": "사업자설정",
          "link_url": "/default/agencyMng"
        }
      ]
    },
    {
      "menu_name": "어플관리",
      "menu_icon": "pe-7s-display2",
      "link_url": "#",
      "leftMenuSub": [
        {
          "menu_name": "버전설정",
          "link_url": "/default/appVersion"
        },
        {
          "menu_name": "제한설정",
          "link_url": "/default/appAuth"
        }
      ]
    },
    {
      "menu_name": "환불정책",
      "menu_icon": "pe-7s-display2",
      "link_url": "#",
      "leftMenuSub": [
        {
          "menu_name": "환불설정",
          "link_url": "/default/refundMng"
        }
      ]
    },
    {
      "menu_name": "결제수단관리",
      "menu_icon": "pe-7s-display2",
      "link_url": "#",
      "leftMenuSub": [
        {
          "menu_name": "카드설정",
          "link_url": "/default/paymentCardMng"
        }
      ]
    }
  ]
}
INFO  21-06-10 14:30:24:194[http-nio-8888-exec-1] [DefaultController:128] - json:{
  "leftMenuList": [
    {
      "menu_name": "약관관리",
      "menu_icon": "pe-7s-display2",
      "link_url": "#",
      "leftMenuSub": [
        {
          "menu_name": "사용자APP",
          "link_url": "/default/userApp"
        },
        {
          "menu_name": "관리자APP",
          "link_url": "/default/adminApp"
        }
      ]
    },
    {
      "menu_name": "사업자관리",
      "menu_icon": "pe-7s-display2",
      "link_url": "#",
      "leftMenuSub": [
        {
          "menu_name": "사업자설정",
          "link_url": "/default/agencyMng"
        }
      ]
    },
    {
      "menu_name": "어플관리",
      "menu_icon": "pe-7s-display2",
      "link_url": "#",
      "leftMenuSub": [
        {
          "menu_name": "버전설정",
          "link_url": "/default/appVersion"
        },
        {
          "menu_name": "제한설정",
          "link_url": "/default/appAuth"
        }
      ]
    },
    {
      "menu_name": "환불정책",
      "menu_icon": "pe-7s-display2",
      "link_url": "#",
      "leftMenuSub": [
        {
          "menu_name": "환불설정",
          "link_url": "/default/refundMng"
        }
      ]
    },
    {
      "menu_name": "결제수단관리",
      "menu_icon": "pe-7s-display2",
      "link_url": "#",
      "leftMenuSub": [
        {
          "menu_name": "카드설정",
          "link_url": "/default/paymentCardMng"
        }
      ]
    }
  ]
}
INFO  21-06-10 14:30:28:520[http-nio-8888-exec-2] [DefaultController:128] - json:{
  "leftMenuList": [
    {
      "menu_name": "약관관리",
      "menu_icon": "pe-7s-display2",
      "link_url": "#",
      "leftMenuSub": [
        {
          "menu_name": "사용자APP",
          "link_url": "/default/userApp"
        },
        {
          "menu_name": "관리자APP",
          "link_url": "/default/adminApp"
        }
      ]
    },
    {
      "menu_name": "사업자관리",
      "menu_icon": "pe-7s-display2",
      "link_url": "#",
      "leftMenuSub": [
        {
          "menu_name": "사업자설정",
          "link_url": "/default/agencyMng"
        }
      ]
    },
    {
      "menu_name": "어플관리",
      "menu_icon": "pe-7s-display2",
      "link_url": "#",
      "leftMenuSub": [
        {
          "menu_name": "버전설정",
          "link_url": "/default/appVersion"
        },
        {
          "menu_name": "제한설정",
          "link_url": "/default/appAuth"
        }
      ]
    },
    {
      "menu_name": "환불정책",
      "menu_icon": "pe-7s-display2",
      "link_url": "#",
      "leftMenuSub": [
        {
          "menu_name": "환불설정",
          "link_url": "/default/refundMng"
        }
      ]
    },
    {
      "menu_name": "결제수단관리",
      "menu_icon": "pe-7s-display2",
      "link_url": "#",
      "leftMenuSub": [
        {
          "menu_name": "카드설정",
          "link_url": "/default/paymentCardMng"
        }
      ]
    }
  ]
}
INFO  21-06-10 14:30:29:944[http-nio-8888-exec-7] [DefaultController:128] - json:{
  "leftMenuList": [
    {
      "menu_name": "약관관리",
      "menu_icon": "pe-7s-display2",
      "link_url": "#",
      "leftMenuSub": [
        {
          "menu_name": "사용자APP",
          "link_url": "/default/userApp"
        },
        {
          "menu_name": "관리자APP",
          "link_url": "/default/adminApp"
        }
      ]
    },
    {
      "menu_name": "사업자관리",
      "menu_icon": "pe-7s-display2",
      "link_url": "#",
      "leftMenuSub": [
        {
          "menu_name": "사업자설정",
          "link_url": "/default/agencyMng"
        }
      ]
    },
    {
      "menu_name": "어플관리",
      "menu_icon": "pe-7s-display2",
      "link_url": "#",
      "leftMenuSub": [
        {
          "menu_name": "버전설정",
          "link_url": "/default/appVersion"
        },
        {
          "menu_name": "제한설정",
          "link_url": "/default/appAuth"
        }
      ]
    },
    {
      "menu_name": "환불정책",
      "menu_icon": "pe-7s-display2",
      "link_url": "#",
      "leftMenuSub": [
        {
          "menu_name": "환불설정",
          "link_url": "/default/refundMng"
        }
      ]
    },
    {
      "menu_name": "결제수단관리",
      "menu_icon": "pe-7s-display2",
      "link_url": "#",
      "leftMenuSub": [
        {
          "menu_name": "카드설정",
          "link_url": "/default/paymentCardMng"
        }
      ]
    }
  ]
}
INFO  21-06-10 14:30:31:095[http-nio-8888-exec-8] [DefaultController:146] - json:{
  "leftMenuList": [
    {
      "menu_name": "약관관리",
      "menu_icon": "pe-7s-display2",
      "link_url": "#",
      "leftMenuSub": [
        {
          "menu_name": "사용자APP",
          "link_url": "/default/userApp"
        },
        {
          "menu_name": "관리자APP",
          "link_url": "/default/adminApp"
        }
      ]
    },
    {
      "menu_name": "사업자관리",
      "menu_icon": "pe-7s-display2",
      "link_url": "#",
      "leftMenuSub": [
        {
          "menu_name": "사업자설정",
          "link_url": "/default/agencyMng"
        }
      ]
    },
    {
      "menu_name": "어플관리",
      "menu_icon": "pe-7s-display2",
      "link_url": "#",
      "leftMenuSub": [
        {
          "menu_name": "버전설정",
          "link_url": "/default/appVersion"
        },
        {
          "menu_name": "제한설정",
          "link_url": "/default/appAuth"
        }
      ]
    },
    {
      "menu_name": "환불정책",
      "menu_icon": "pe-7s-display2",
      "link_url": "#",
      "leftMenuSub": [
        {
          "menu_name": "환불설정",
          "link_url": "/default/refundMng"
        }
      ]
    },
    {
      "menu_name": "결제수단관리",
      "menu_icon": "pe-7s-display2",
      "link_url": "#",
      "leftMenuSub": [
        {
          "menu_name": "카드설정",
          "link_url": "/default/paymentCardMng"
        }
      ]
    }
  ]
}
INFO  21-06-10 14:30:33:000[http-nio-8888-exec-10] [DefaultController:128] - json:{
  "leftMenuList": [
    {
      "menu_name": "약관관리",
      "menu_icon": "pe-7s-display2",
      "link_url": "#",
      "leftMenuSub": [
        {
          "menu_name": "사용자APP",
          "link_url": "/default/userApp"
        },
        {
          "menu_name": "관리자APP",
          "link_url": "/default/adminApp"
        }
      ]
    },
    {
      "menu_name": "사업자관리",
      "menu_icon": "pe-7s-display2",
      "link_url": "#",
      "leftMenuSub": [
        {
          "menu_name": "사업자설정",
          "link_url": "/default/agencyMng"
        }
      ]
    },
    {
      "menu_name": "어플관리",
      "menu_icon": "pe-7s-display2",
      "link_url": "#",
      "leftMenuSub": [
        {
          "menu_name": "버전설정",
          "link_url": "/default/appVersion"
        },
        {
          "menu_name": "제한설정",
          "link_url": "/default/appAuth"
        }
      ]
    },
    {
      "menu_name": "환불정책",
      "menu_icon": "pe-7s-display2",
      "link_url": "#",
      "leftMenuSub": [
        {
          "menu_name": "환불설정",
          "link_url": "/default/refundMng"
        }
      ]
    },
    {
      "menu_name": "결제수단관리",
      "menu_icon": "pe-7s-display2",
      "link_url": "#",
      "leftMenuSub": [
        {
          "menu_name": "카드설정",
          "link_url": "/default/paymentCardMng"
        }
      ]
    }
  ]
}
INFO  21-06-10 14:30:45:086[http-nio-8888-exec-2] [DefaultController:128] - json:{
  "leftMenuList": [
    {
      "menu_name": "약관관리",
      "menu_icon": "pe-7s-display2",
      "link_url": "#",
      "leftMenuSub": [
        {
          "menu_name": "사용자APP",
          "link_url": "/default/userApp"
        },
        {
          "menu_name": "관리자APP",
          "link_url": "/default/adminApp"
        }
      ]
    },
    {
      "menu_name": "사업자관리",
      "menu_icon": "pe-7s-display2",
      "link_url": "#",
      "leftMenuSub": [
        {
          "menu_name": "사업자설정",
          "link_url": "/default/agencyMng"
        }
      ]
    },
    {
      "menu_name": "어플관리",
      "menu_icon": "pe-7s-display2",
      "link_url": "#",
      "leftMenuSub": [
        {
          "menu_name": "버전설정",
          "link_url": "/default/appVersion"
        },
        {
          "menu_name": "제한설정",
          "link_url": "/default/appAuth"
        }
      ]
    },
    {
      "menu_name": "환불정책",
      "menu_icon": "pe-7s-display2",
      "link_url": "#",
      "leftMenuSub": [
        {
          "menu_name": "환불설정",
          "link_url": "/default/refundMng"
        }
      ]
    },
    {
      "menu_name": "결제수단관리",
      "menu_icon": "pe-7s-display2",
      "link_url": "#",
      "leftMenuSub": [
        {
          "menu_name": "카드설정",
          "link_url": "/default/paymentCardMng"
        }
      ]
    }
  ]
}
INFO  21-06-10 14:32:26:192[http-nio-8888-exec-3] [DefaultController:128] - json:{
  "leftMenuList": [
    {
      "menu_name": "약관관리",
      "menu_icon": "pe-7s-display2",
      "link_url": "#",
      "leftMenuSub": [
        {
          "menu_name": "사용자APP",
          "link_url": "/default/userApp"
        },
        {
          "menu_name": "관리자APP",
          "link_url": "/default/adminApp"
        }
      ]
    },
    {
      "menu_name": "사업자관리",
      "menu_icon": "pe-7s-display2",
      "link_url": "#",
      "leftMenuSub": [
        {
          "menu_name": "사업자설정",
          "link_url": "/default/agencyMng"
        }
      ]
    },
    {
      "menu_name": "어플관리",
      "menu_icon": "pe-7s-display2",
      "link_url": "#",
      "leftMenuSub": [
        {
          "menu_name": "버전설정",
          "link_url": "/default/appVersion"
        },
        {
          "menu_name": "제한설정",
          "link_url": "/default/appAuth"
        }
      ]
    },
    {
      "menu_name": "환불정책",
      "menu_icon": "pe-7s-display2",
      "link_url": "#",
      "leftMenuSub": [
        {
          "menu_name": "환불설정",
          "link_url": "/default/refundMng"
        }
      ]
    },
    {
      "menu_name": "결제수단관리",
      "menu_icon": "pe-7s-display2",
      "link_url": "#",
      "leftMenuSub": [
        {
          "menu_name": "카드설정",
          "link_url": "/default/paymentCardMng"
        }
      ]
    }
  ]
}
